2016-11-17 12:53:11 - __main__.auxiliary.DBAdaptor - INFO: Creating new TCRD DBAdaptor instance
2016-11-17 12:53:11 - __main__ - INFO: Connected to TCRD database tcrd4 (schema ver 4.0.0; data ver 4.0.0)
2016-11-17 12:53:11 - __main__ - INFO: Loading data for 20120 proteins
2016-11-17 12:53:11 - __main__ - INFO: Processing UniProt entry 0: P30450
2016-11-17 12:53:12 - __main__ - INFO: Processing UniProt entry 1: P10314
2016-11-17 12:53:18 - __main__ - INFO: Processing UniProt entry 2: P30453
2016-11-17 12:53:56 - __main__ - INFO: Processing UniProt entry 3: P30456
2016-11-17 12:53:57 - __main__ - INFO: Processing UniProt entry 4: P30464
2016-11-17 12:53:58 - __main__ - INFO: Processing UniProt entry 5: P03989
2016-11-17 12:54:04 - __main__ - INFO: Processing UniProt entry 6: P30479
2016-11-17 12:54:05 - __main__ - INFO: Processing UniProt entry 7: P30486
2016-11-17 12:54:11 - __main__ - INFO: Processing UniProt entry 8: P30487
2016-11-17 12:54:17 - __main__ - INFO: Processing UniProt entry 9: P30492
2016-11-17 12:54:23 - __main__ - INFO: Processing UniProt entry 10: Q29836
2016-11-17 12:54:24 - __main__ - INFO: Processing UniProt entry 11: P30498
2016-11-17 12:54:24 - __main__ - INFO: Processing UniProt entry 12: Q29963
2016-11-17 12:54:25 - __main__ - INFO: Processing UniProt entry 13: P10321
2016-11-17 12:54:27 - __main__ - INFO: Processing UniProt entry 14: Q14738
2016-11-17 12:54:28 - __main__ - INFO: Processing UniProt entry 15: P63151
2016-11-17 12:54:28 - __main__ - INFO: Processing UniProt entry 16: P26439
2016-11-17 12:54:29 - __main__ - INFO: Processing UniProt entry 17: P11171
2016-11-17 12:54:36 - __main__ - INFO: Processing UniProt entry 18: A5X5Y0
2016-11-17 12:54:36 - __main__ - INFO: Processing UniProt entry 19: P34969
2016-11-17 12:54:42 - __main__ - INFO: Processing UniProt entry 20: O95336
2016-11-17 12:54:43 - __main__ - INFO: Processing UniProt entry 21: Q8NHS2
2016-11-17 12:54:44 - __main__ - INFO: Processing UniProt entry 22: P17174
2016-11-17 12:54:45 - __main__ - INFO: Processing UniProt entry 23: P00505
2016-11-17 12:54:51 - __main__ - INFO: Processing UniProt entry 24: Q5VST6
2016-11-17 12:54:57 - __main__ - INFO: Processing UniProt entry 25: Q8N139
2016-11-17 12:54:58 - __main__ - INFO: Processing UniProt entry 26: Q09428
2016-11-17 12:54:59 - __main__ - INFO: Processing UniProt entry 27: Q9NSE7
2016-11-17 12:55:05 - __main__ - INFO: Processing UniProt entry 28: Q9NUQ8
2016-11-17 12:55:11 - __main__ - INFO: Processing UniProt entry 29: Q9UNQ0
2016-11-17 12:55:12 - __main__ - INFO: Processing UniProt entry 30: Q9H221
2016-11-17 12:55:13 - __main__ - INFO: Processing UniProt entry 31: P45954
2016-11-17 12:55:14 - __main__ - INFO: Processing UniProt entry 32: Q9BYF1
2016-11-17 12:55:15 - __main__ - INFO: Processing UniProt entry 33: P25106
2016-11-17 12:55:16 - __main__ - INFO: Processing UniProt entry 34: Q8N1Q8
2016-11-17 12:55:22 - __main__ - INFO: Processing UniProt entry 35: O00767
2016-11-17 12:55:23 - __main__ - INFO: Processing UniProt entry 36: O14734
2016-11-17 12:55:34 - __main__ - INFO: Processing UniProt entry 37: Q15067
2016-11-17 12:55:34 - __main__ - INFO: Processing UniProt entry 38: Q8NEB7
2016-11-17 12:55:35 - __main__ - INFO: Processing UniProt entry 39: Q08AH3
2016-11-17 12:55:37 - __main__ - INFO: Processing UniProt entry 40: O95573
2016-11-17 12:55:42 - __main__ - INFO: Processing UniProt entry 41: O60488
2016-11-17 12:55:48 - __main__ - INFO: Processing UniProt entry 42: P04439
2016-11-17 12:55:54 - __main__ - INFO: Processing UniProt entry 43: Q4AC99
2016-11-17 12:56:00 - __main__ - INFO: Processing UniProt entry 44: P05534
2016-11-17 12:56:01 - __main__ - INFO: Processing UniProt entry 45: P16188
2016-11-17 12:56:07 - __main__ - INFO: Processing UniProt entry 46: P30459
2016-11-17 12:56:08 - __main__ - INFO: Processing UniProt entry 47: P30461
2016-11-17 12:56:14 - __main__ - INFO: Processing UniProt entry 48: P18463
2016-11-17 12:56:34 - __main__ - INFO: Processing UniProt entry 49: P30480
2016-11-17 12:56:40 - __main__ - INFO: Processing UniProt entry 50: P30483
2016-11-17 12:56:41 - __main__ - INFO: Processing UniProt entry 51: P30485
2016-11-17 12:56:42 - __main__ - INFO: Processing UniProt entry 52: P18464
2016-11-17 12:56:43 - __main__ - INFO: Processing UniProt entry 53: P30490
2016-11-17 12:56:49 - __main__ - INFO: Processing UniProt entry 54: P30493
2016-11-17 12:56:55 - __main__ - INFO: Processing UniProt entry 55: P10319
2016-11-17 12:57:01 - __main__ - INFO: Processing UniProt entry 56: P49902
2016-11-17 12:57:07 - __main__ - INFO: Processing UniProt entry 57: P52209
2016-11-17 12:57:08 - __main__ - INFO: Processing UniProt entry 58: Q9UNA3
2016-11-17 12:57:09 - __main__ - INFO: Processing UniProt entry 59: P05067
2016-11-17 12:57:16 - __main__ - INFO: Processing UniProt entry 60: P30542
2016-11-17 12:57:22 - __main__ - INFO: Processing UniProt entry 61: Q6PD74
2016-11-17 12:57:28 - __main__ - INFO: Processing UniProt entry 62: Q9H7C9
2016-11-17 12:57:34 - __main__ - INFO: Processing UniProt entry 63: P86434
2016-11-17 12:57:35 - __main__ - INFO: Processing UniProt entry 64: Q9NY61
2016-11-17 12:57:35 - __main__ - INFO: Processing UniProt entry 65: Q7Z5M8
2016-11-17 12:57:36 - __main__ - INFO: Processing UniProt entry 66: Q2M3G0
2016-11-17 12:57:38 - __main__ - INFO: Processing UniProt entry 67: Q9NP58
2016-11-17 12:57:39 - __main__ - INFO: Processing UniProt entry 68: O60706
2016-11-17 12:57:39 - __main__ - INFO: Processing UniProt entry 69: Q96J66
2016-11-17 12:57:40 - __main__ - INFO: Processing UniProt entry 70: Q0P651
2016-11-17 12:57:41 - __main__ - INFO: Processing UniProt entry 71: Q8WU67
2016-11-17 12:57:47 - __main__ - INFO: Processing UniProt entry 72: Q96I13
2016-11-17 12:57:48 - __main__ - INFO: Processing UniProt entry 73: Q15027
2016-11-17 12:57:54 - __main__ - INFO: Processing UniProt entry 74: Q9BR61
2016-11-17 12:58:00 - __main__ - INFO: Processing UniProt entry 75: Q5QJU3
2016-11-17 12:58:01 - __main__ - INFO: Processing UniProt entry 76: P22303
2016-11-17 12:58:02 - __main__ - INFO: Processing UniProt entry 77: Q07001
2016-11-17 12:58:03 - __main__ - INFO: Processing UniProt entry 78: Q9NPJ3
2016-11-17 12:58:04 - __main__ - INFO: Processing UniProt entry 79: P33121
2016-11-17 12:58:05 - __main__ - INFO: Processing UniProt entry 80: Q9ULC5
2016-11-17 12:58:06 - __main__ - INFO: Processing UniProt entry 81: Q6NUN0
2016-11-17 12:58:07 - __main__ - INFO: Processing UniProt entry 82: Q9H2F3
2016-11-17 12:58:08 - __main__ - INFO: Processing UniProt entry 83: Q7L8J4
2016-11-17 12:58:08 - __main__ - INFO: Processing UniProt entry 84: P29372
2016-11-17 12:58:09 - __main__ - INFO: Processing UniProt entry 85: Q13541
2016-11-17 12:58:11 - __main__ - INFO: Processing UniProt entry 86: P28221
2016-11-17 12:58:16 - __main__ - INFO: Processing UniProt entry 87: P28566
2016-11-17 12:58:17 - __main__ - INFO: Processing UniProt entry 88: P46098
2016-11-17 12:58:19 - __main__ - INFO: Processing UniProt entry 89: O95264
2016-11-17 12:58:24 - __main__ - INFO: Processing UniProt entry 90: Q70Z44
2016-11-17 12:58:31 - __main__ - INFO: Processing UniProt entry 91: P47898
2016-11-17 12:58:31 - __main__ - INFO: Processing UniProt entry 92: P50406
2016-11-17 12:58:32 - __main__ - INFO: Processing UniProt entry 93: Q96P26
2016-11-17 12:58:33 - __main__ - INFO: Processing UniProt entry 94: P36639
2016-11-17 12:58:34 - __main__ - INFO: Processing UniProt entry 95: Q676U5
2016-11-17 12:58:50 - __main__ - INFO: Processing UniProt entry 96: P02763
2016-11-17 12:58:51 - __main__ - INFO: Processing UniProt entry 97: Q5TYW2
2016-11-17 12:58:58 - __main__ - INFO: Processing UniProt entry 98: P02750
2016-11-17 12:59:13 - __main__ - INFO: Processing UniProt entry 99: A8K2U0
2016-11-17 12:59:19 - __main__ - INFO: Processing UniProt entry 100: Q5T5F5
2016-11-17 12:59:20 - __main__ - INFO: Processing UniProt entry 101: P29274
2016-11-17 12:59:26 - __main__ - INFO: Processing UniProt entry 102: P54619
2016-11-17 12:59:27 - __main__ - INFO: Processing UniProt entry 103: Q13131
2016-11-17 12:59:33 - __main__ - INFO: Processing UniProt entry 104: Q9UDR5
2016-11-17 12:59:34 - __main__ - INFO: Processing UniProt entry 105: Q96GS6
2016-11-17 12:59:40 - __main__ - INFO: Processing UniProt entry 106: Q96AK3
2016-11-17 12:59:46 - __main__ - INFO: Processing UniProt entry 107: O95477
2016-11-17 12:59:47 - __main__ - INFO: Processing UniProt entry 108: Q8IZY2
2016-11-17 12:59:48 - __main__ - INFO: Processing UniProt entry 109: Q8IUA7
2016-11-17 12:59:54 - __main__ - INFO: Processing UniProt entry 110: Q86UK0
2016-11-17 12:59:56 - __main__ - INFO: Processing UniProt entry 111: Q9NUT2
2016-11-17 12:59:57 - __main__ - INFO: Processing UniProt entry 112: Q9NP78
2016-11-17 13:00:03 - __main__ - INFO: Processing UniProt entry 113: Q9H172
2016-11-17 13:00:09 - __main__ - INFO: Processing UniProt entry 114: Q9H222
2016-11-17 13:00:14 - __main__ - INFO: Processing UniProt entry 115: P08910
2016-11-17 13:00:15 - __main__ - INFO: Processing UniProt entry 116: Q7L211
2016-11-17 13:00:17 - __main__ - INFO: Processing UniProt entry 117: O95870
2016-11-17 13:00:22 - __main__ - INFO: Processing UniProt entry 118: Q9NYB9
2016-11-17 13:00:29 - __main__ - INFO: Processing UniProt entry 119: P00519
2016-11-17 13:00:46 - __main__ - INFO: Processing UniProt entry 120: Q13085
2016-11-17 13:00:52 - __main__ - INFO: Processing UniProt entry 121: P28330
2016-11-17 13:00:53 - __main__ - INFO: Processing UniProt entry 122: P11310
2016-11-17 13:00:54 - __main__ - INFO: Processing UniProt entry 123: Q96P50
2016-11-17 13:01:00 - __main__ - INFO: Processing UniProt entry 124: Q96GR2
2016-11-17 13:01:06 - __main__ - INFO: Processing UniProt entry 125: P07108
2016-11-17 13:01:10 - __main__ - INFO: Processing UniProt entry 126: Q8TDN7
2016-11-17 13:01:16 - __main__ - INFO: Processing UniProt entry 127: Q9NUN7
2016-11-17 13:01:22 - __main__ - INFO: Processing UniProt entry 128: P30532
2016-11-17 13:01:23 - __main__ - INFO: Processing UniProt entry 129: Q07912
2016-11-17 13:01:29 - __main__ - INFO: Processing UniProt entry 130: Q15173
2016-11-17 13:01:30 - __main__ - INFO: Processing UniProt entry 131: Q66LE6
2016-11-17 13:01:31 - __main__ - INFO: Processing UniProt entry 132: P04229
2016-11-17 13:01:37 - __main__ - INFO: Processing UniProt entry 133: Q30134
2016-11-17 13:01:38 - __main__ - INFO: Processing UniProt entry 134: P20848
2016-11-17 13:01:39 - __main__ - INFO: Processing UniProt entry 135: P01009
2016-11-17 13:01:45 - __main__ - INFO: Processing UniProt entry 136: Q4UJ75
2016-11-17 13:01:46 - __main__ - INFO: Processing UniProt entry 137: Q96IX9
2016-11-17 13:01:55 - __main__ - INFO: Processing UniProt entry 138: P01023
2016-11-17 13:01:55 - __main__ - INFO: Processing UniProt entry 139: Q8N5Z0
2016-11-17 13:02:02 - __main__ - INFO: Processing UniProt entry 140: Q7RTV5
2016-11-17 13:02:02 - __main__ - INFO: Processing UniProt entry 141: P54646
2016-11-17 13:02:09 - __main__ - INFO: Processing UniProt entry 142: Q4LEZ3
2016-11-17 13:02:10 - __main__ - INFO: Processing UniProt entry 143: Q9BTE6
2016-11-17 13:02:11 - __main__ - INFO: Processing UniProt entry 144: Q7Z5R6
2016-11-17 13:02:11 - __main__ - INFO: Processing UniProt entry 145: Q9UH17
2016-11-17 13:02:12 - __main__ - INFO: Processing UniProt entry 146: Q8IUX4
2016-11-17 13:02:13 - __main__ - INFO: Processing UniProt entry 147: Q9HC16
2016-11-17 13:02:20 - __main__ - INFO: Processing UniProt entry 148: Q99758
2016-11-17 13:02:20 - __main__ - INFO: Processing UniProt entry 149: P78363
2016-11-17 13:02:27 - __main__ - INFO: Processing UniProt entry 150: Q4W5N1
2016-11-17 13:02:33 - __main__ - INFO: Processing UniProt entry 151: Q86UQ4
2016-11-17 13:02:39 - __main__ - INFO: Processing UniProt entry 152: Q9Y235
2016-11-17 13:02:40 - __main__ - INFO: Processing UniProt entry 153: Q8TB40
2016-11-17 13:02:40 - __main__ - INFO: Processing UniProt entry 154: Q8WTS1
2016-11-17 13:02:41 - __main__ - INFO: Processing UniProt entry 155: Q9P2A4
2016-11-17 13:02:42 - __main__ - INFO: Processing UniProt entry 156: O14639
2016-11-17 13:02:48 - __main__ - INFO: Processing UniProt entry 157: O00763
2016-11-17 13:02:54 - __main__ - INFO: Processing UniProt entry 158: Q15057
2016-11-17 13:02:56 - __main__ - INFO: Processing UniProt entry 159: Q96AP0
2016-11-17 13:02:57 - __main__ - INFO: Processing UniProt entry 160: P32297
2016-11-17 13:03:02 - __main__ - INFO: Processing UniProt entry 161: P36544
2016-11-17 13:03:09 - __main__ - INFO: Processing UniProt entry 162: P02708
2016-11-17 13:03:10 - __main__ - INFO: Processing UniProt entry 163: P17787
2016-11-17 13:03:10 - __main__ - INFO: Processing UniProt entry 164: Q9UKV3
2016-11-17 13:03:12 - __main__ - INFO: Processing UniProt entry 165: O00590
2016-11-17 13:03:13 - __main__ - INFO: Processing UniProt entry 166: P11229
2016-11-17 13:03:19 - __main__ - INFO: Processing UniProt entry 167: P08173
2016-11-17 13:03:25 - __main__ - INFO: Processing UniProt entry 168: P21399
2016-11-17 13:03:31 - __main__ - INFO: Processing UniProt entry 169: Q99798
2016-11-17 13:03:37 - __main__ - INFO: Processing UniProt entry 170: Q3I5F7
2016-11-17 13:03:37 - __main__ - INFO: Processing UniProt entry 171: O15254
2016-11-17 13:03:38 - __main__ - INFO: Processing UniProt entry 172: Q6ZNF0
2016-11-17 13:03:39 - __main__ - INFO: Processing UniProt entry 173: P31941
2016-11-17 13:03:40 - __main__ - INFO: Processing UniProt entry 174: O75027
2016-11-17 13:03:41 - __main__ - INFO: Processing UniProt entry 175: Q9NRK6
2016-11-17 13:03:42 - __main__ - INFO: Processing UniProt entry 176: O95342
2016-11-17 13:03:43 - __main__ - INFO: Processing UniProt entry 177: Q9UBJ2
2016-11-17 13:03:44 - __main__ - INFO: Processing UniProt entry 178: P28288
2016-11-17 13:03:55 - __main__ - INFO: Processing UniProt entry 179: Q8NFV4
2016-11-17 13:03:56 - __main__ - INFO: Processing UniProt entry 180: Q9ULW3
2016-11-17 13:03:57 - __main__ - INFO: Processing UniProt entry 181: Q9H845
2016-11-17 13:04:02 - __main__ - INFO: Processing UniProt entry 182: P16219
2016-11-17 13:04:08 - __main__ - INFO: Processing UniProt entry 183: O00400
2016-11-17 13:04:10 - __main__ - INFO: Processing UniProt entry 184: Q8NC06
2016-11-17 13:04:15 - __main__ - INFO: Processing UniProt entry 185: P30926
2016-11-17 13:04:21 - __main__ - INFO: Processing UniProt entry 186: P11230
2016-11-17 13:04:27 - __main__ - INFO: Processing UniProt entry 187: P10323
2016-11-17 13:04:28 - __main__ - INFO: Processing UniProt entry 188: Q68CK6
2016-11-17 13:04:29 - __main__ - INFO: Processing UniProt entry 189: Q9NR19
2016-11-17 13:04:35 - __main__ - INFO: Processing UniProt entry 190: Q9H6R3
2016-11-17 13:04:35 - __main__ - INFO: Processing UniProt entry 191: Q8TDG2
2016-11-17 13:04:36 - __main__ - INFO: Processing UniProt entry 192: P42025
2016-11-17 13:04:37 - __main__ - INFO: Processing UniProt entry 193: O75078
2016-11-17 13:04:52 - __main__ - INFO: Processing UniProt entry 194: P35348
2016-11-17 13:04:53 - __main__ - INFO: Processing UniProt entry 195: Q9UKF2
2016-11-17 13:04:54 - __main__ - INFO: Processing UniProt entry 196: A8MUL3
2016-11-17 13:04:55 - __main__ - INFO: Processing UniProt entry 197: Q08462
2016-11-17 13:04:56 - __main__ - INFO: Processing UniProt entry 198: O60266
2016-11-17 13:05:02 - __main__ - INFO: Processing UniProt entry 199: O95622
2016-11-17 13:05:03 - __main__ - INFO: Processing UniProt entry 200: Q04917
2016-11-17 13:05:04 - __main__ - INFO: Processing UniProt entry 201: P30455
2016-11-17 13:05:10 - __main__ - INFO: Processing UniProt entry 202: P10316
2016-11-17 13:05:11 - __main__ - INFO: Processing UniProt entry 203: Q09160
2016-11-17 13:05:12 - __main__ - INFO: Processing UniProt entry 204: P30460
2016-11-17 13:05:13 - __main__ - INFO: Processing UniProt entry 205: P30466
2016-11-17 13:05:14 - __main__ - INFO: Processing UniProt entry 206: P30685
2016-11-17 13:05:15 - __main__ - INFO: Processing UniProt entry 207: Q95365
2016-11-17 13:05:21 - __main__ - INFO: Processing UniProt entry 208: Q04826
2016-11-17 13:05:27 - __main__ - INFO: Processing UniProt entry 209: P30495
2016-11-17 13:05:28 - __main__ - INFO: Processing UniProt entry 210: P18465
2016-11-17 13:05:29 - __main__ - INFO: Processing UniProt entry 211: Q29718
2016-11-17 13:05:30 - __main__ - INFO: Processing UniProt entry 212: P30499
2016-11-17 13:05:31 - __main__ - INFO: Processing UniProt entry 213: P04222
2016-11-17 13:05:32 - __main__ - INFO: Processing UniProt entry 214: P30504
2016-11-17 13:05:33 - __main__ - INFO: Processing UniProt entry 215: P30510
2016-11-17 13:05:39 - __main__ - INFO: Processing UniProt entry 216: Q29960
2016-11-17 13:05:40 - __main__ - INFO: Processing UniProt entry 217: Q95604
2016-11-17 13:05:45 - __main__ - INFO: Processing UniProt entry 218: Q13362
2016-11-17 13:05:47 - __main__ - INFO: Processing UniProt entry 219: Q30167
2016-11-17 13:05:48 - __main__ - INFO: Processing UniProt entry 220: Q29974
2016-11-17 13:05:53 - __main__ - INFO: Processing UniProt entry 221: P14060
2016-11-17 13:05:55 - __main__ - INFO: Processing UniProt entry 222: P08697
2016-11-17 13:06:09 - __main__ - INFO: Processing UniProt entry 223: Q12979
2016-11-17 13:06:15 - __main__ - INFO: Processing UniProt entry 224: Q8N961
2016-11-17 13:06:16 - __main__ - INFO: Processing UniProt entry 225: Q5T8D3
2016-11-17 13:06:22 - __main__ - INFO: Processing UniProt entry 226: Q709F0
2016-11-17 13:06:23 - __main__ - INFO: Processing UniProt entry 227: Q9GZZ6
2016-11-17 13:06:24 - __main__ - INFO: Processing UniProt entry 228: P07510
2016-11-17 13:06:25 - __main__ - INFO: Processing UniProt entry 229: Q9NPB9
2016-11-17 13:06:31 - __main__ - INFO: Processing UniProt entry 230: Q9Y615
2016-11-17 13:06:37 - __main__ - INFO: Processing UniProt entry 231: P49753
2016-11-17 13:06:43 - __main__ - INFO: Processing UniProt entry 232: Q8N9L9
2016-11-17 13:06:44 - __main__ - INFO: Processing UniProt entry 233: Q9Y305
2016-11-17 13:06:45 - __main__ - INFO: Processing UniProt entry 234: P60709
2016-11-17 13:06:51 - __main__ - INFO: Processing UniProt entry 235: Q9H568
2016-11-17 13:06:57 - __main__ - INFO: Processing UniProt entry 236: P12814
2016-11-17 13:06:58 - __main__ - INFO: Processing UniProt entry 237: P35609
2016-11-17 13:07:04 - __main__ - INFO: Processing UniProt entry 238: Q86TW2
2016-11-17 13:07:10 - __main__ - INFO: Processing UniProt entry 239: Q3MIX3
2016-11-17 13:07:11 - __main__ - INFO: Processing UniProt entry 240: Q9UEY8
2016-11-17 13:07:17 - __main__ - INFO: Processing UniProt entry 241: P28335
2016-11-17 13:07:23 - __main__ - INFO: Processing UniProt entry 242: Q9H0P0
2016-11-17 13:07:29 - __main__ - INFO: Processing UniProt entry 243: Q8NF67
2016-11-17 13:07:40 - __main__ - INFO: Processing UniProt entry 244: Q5SQ80
2016-11-17 13:07:46 - __main__ - INFO: Processing UniProt entry 245: Q5VUR7
2016-11-17 13:07:47 - __main__ - INFO: Processing UniProt entry 246: A7E2S9
2016-11-17 13:07:53 - __main__ - INFO: Processing UniProt entry 247: Q6JQN1
2016-11-17 13:07:59 - __main__ - INFO: Processing UniProt entry 248: P12821
2016-11-17 13:08:05 - __main__ - INFO: Processing UniProt entry 249: Q15822
2016-11-17 13:08:11 - __main__ - INFO: Processing UniProt entry 250: P43681
2016-11-17 13:08:18 - __main__ - INFO: Processing UniProt entry 251: Q15825
2016-11-17 13:08:19 - __main__ - INFO: Processing UniProt entry 252: Q9UGM1
2016-11-17 13:08:20 - __main__ - INFO: Processing UniProt entry 253: Q05901
2016-11-17 13:08:22 - __main__ - INFO: Processing UniProt entry 254: Q5JWF8
2016-11-17 13:08:28 - __main__ - INFO: Processing UniProt entry 255: O94805
2016-11-17 13:08:34 - __main__ - INFO: Processing UniProt entry 256: Q4G176
2016-11-17 13:08:40 - __main__ - INFO: Processing UniProt entry 257: Q4L235
2016-11-17 13:08:50 - __main__ - INFO: Processing UniProt entry 258: Q08AH1
2016-11-17 13:08:50 - __main__ - INFO: Processing UniProt entry 259: P0C7M7
2016-11-17 13:08:51 - __main__ - INFO: Processing UniProt entry 260: Q9BYD9
2016-11-17 13:08:57 - __main__ - INFO: Processing UniProt entry 261: P35368
2016-11-17 13:09:04 - __main__ - INFO: Processing UniProt entry 262: Q9UKJ8
2016-11-17 13:09:10 - __main__ - INFO: Processing UniProt entry 263: Q9UKQ2
2016-11-17 13:09:11 - __main__ - INFO: Processing UniProt entry 264: Q8TC27
2016-11-17 13:09:12 - __main__ - INFO: Processing UniProt entry 265: Q9BZ11
2016-11-17 13:09:13 - __main__ - INFO: Processing UniProt entry 266: Q96M93
2016-11-17 13:09:14 - __main__ - INFO: Processing UniProt entry 267: Q99965
2016-11-17 13:09:15 - __main__ - INFO: Processing UniProt entry 268: Q13443
2016-11-17 13:09:16 - __main__ - INFO: Processing UniProt entry 269: Q5VUY2
2016-11-17 13:09:22 - __main__ - INFO: Processing UniProt entry 270: O43306
2016-11-17 13:09:28 - __main__ - INFO: Processing UniProt entry 271: P51828
2016-11-17 13:09:34 - __main__ - INFO: Processing UniProt entry 272: P08319
2016-11-17 13:09:35 - __main__ - INFO: Processing UniProt entry 273: Q0VDE8
2016-11-17 13:09:35 - __main__ - INFO: Processing UniProt entry 274: P55263
2016-11-17 13:09:41 - __main__ - INFO: Processing UniProt entry 275: P13945
2016-11-17 13:09:47 - __main__ - INFO: Processing UniProt entry 276: P12235
2016-11-17 13:09:53 - __main__ - INFO: Processing UniProt entry 277: Q6ZN18
2016-11-17 13:10:12 - __main__ - INFO: Processing UniProt entry 278: Q13015
2016-11-17 13:10:13 - __main__ - INFO: Processing UniProt entry 279: Q9Y4W6
2016-11-17 13:10:14 - __main__ - INFO: Processing UniProt entry 280: C9J202
2016-11-17 13:10:15 - __main__ - INFO: Processing UniProt entry 281: Q9H0P7
2016-11-17 13:10:16 - __main__ - INFO: Processing UniProt entry 282: P30153
2016-11-17 13:10:22 - __main__ - INFO: Processing UniProt entry 283: P13761
2016-11-17 13:10:23 - __main__ - INFO: Processing UniProt entry 284: Q9GIY3
2016-11-17 13:10:24 - __main__ - INFO: Processing UniProt entry 285: Q9Y3L3
2016-11-17 13:10:30 - __main__ - INFO: Processing UniProt entry 286: P78314
2016-11-17 13:10:31 - __main__ - INFO: Processing UniProt entry 287: P08908
2016-11-17 13:10:37 - __main__ - INFO: Processing UniProt entry 288: P30939
2016-11-17 13:10:38 - __main__ - INFO: Processing UniProt entry 289: Q8WXA8
2016-11-17 13:10:44 - __main__ - INFO: Processing UniProt entry 290: Q13639
2016-11-17 13:10:45 - __main__ - INFO: Processing UniProt entry 291: Q9BXI3
2016-11-17 13:10:46 - __main__ - INFO: Processing UniProt entry 292: Q969T7
2016-11-17 13:10:52 - __main__ - INFO: Processing UniProt entry 293: Q15758
2016-11-17 13:10:53 - __main__ - INFO: Processing UniProt entry 294: Q86V21
2016-11-17 13:10:59 - __main__ - INFO: Processing UniProt entry 295: Q2M2I8
2016-11-17 13:11:00 - __main__ - INFO: Processing UniProt entry 296: Q9Y478
2016-11-17 13:11:06 - __main__ - INFO: Processing UniProt entry 297: Q9NRW3
2016-11-17 13:11:07 - __main__ - INFO: Processing UniProt entry 298: P33897
2016-11-17 13:11:08 - __main__ - INFO: Processing UniProt entry 299: P61221
2016-11-17 13:11:09 - __main__ - INFO: Processing UniProt entry 300: Q9UG63
2016-11-17 13:11:10 - __main__ - INFO: Processing UniProt entry 301: P45844
2016-11-17 13:11:11 - __main__ - INFO: Processing UniProt entry 302: Q6UXT9
2016-11-17 13:11:17 - __main__ - INFO: Processing UniProt entry 303: Q9BV23
2016-11-17 13:11:22 - __main__ - INFO: Processing UniProt entry 304: Q9BUJ0
2016-11-17 13:11:23 - __main__ - INFO: Processing UniProt entry 305: Q96IU4
2016-11-17 13:11:29 - __main__ - INFO: Processing UniProt entry 306: P61981
2016-11-17 13:11:45 - __main__ - INFO: Processing UniProt entry 307: P63104
2016-11-17 13:11:46 - __main__ - INFO: Processing UniProt entry 308: P30443
2016-11-17 13:11:47 - __main__ - INFO: Processing UniProt entry 309: P01892
2016-11-17 13:11:48 - __main__ - INFO: Processing UniProt entry 310: P13746
2016-11-17 13:11:49 - __main__ - INFO: Processing UniProt entry 311: Q00005
2016-11-17 13:11:55 - __main__ - INFO: Processing UniProt entry 312: P13760
2016-11-17 13:12:12 - __main__ - INFO: Processing UniProt entry 313: P20039
2016-11-17 13:12:18 - __main__ - INFO: Processing UniProt entry 314: P01911
2016-11-17 13:12:24 - __main__ - INFO: Processing UniProt entry 315: P46952
2016-11-17 13:12:30 - __main__ - INFO: Processing UniProt entry 316: Q13542
2016-11-17 13:12:31 - __main__ - INFO: Processing UniProt entry 317: Q9NRA8
2016-11-17 13:12:37 - __main__ - INFO: Processing UniProt entry 318: P08195
2016-11-17 13:12:43 - __main__ - INFO: Processing UniProt entry 319: P05408
2016-11-17 13:12:50 - __main__ - INFO: Processing UniProt entry 320: Q8NAA4
2016-11-17 13:12:55 - __main__ - INFO: Processing UniProt entry 321: P04217
2016-11-17 13:12:56 - __main__ - INFO: Processing UniProt entry 322: Q9NQ94
2016-11-17 13:12:57 - __main__ - INFO: Processing UniProt entry 323: A0PJZ0
2016-11-17 13:13:03 - __main__ - INFO: Processing UniProt entry 324: U3KPV4
2016-11-17 13:13:04 - __main__ - INFO: Processing UniProt entry 325: Q9NPC4
2016-11-17 13:13:05 - __main__ - INFO: Processing UniProt entry 326: Q96GX2
2016-11-17 13:13:11 - __main__ - INFO: Processing UniProt entry 327: Q9NS82
2016-11-17 13:13:17 - __main__ - INFO: Processing UniProt entry 328: Q13685
2016-11-17 13:13:23 - __main__ - INFO: Processing UniProt entry 329: Q6PCB6
2016-11-17 13:13:29 - __main__ - INFO: Processing UniProt entry 330: Q8N2K0
2016-11-17 13:13:35 - __main__ - INFO: Processing UniProt entry 331: P41238
2016-11-17 13:13:40 - __main__ - INFO: Processing UniProt entry 332: Q9NUJ1
2016-11-17 13:13:41 - __main__ - INFO: Processing UniProt entry 333: Q9H3Z7
2016-11-17 13:13:42 - __main__ - INFO: Processing UniProt entry 334: Q8IZP0
2016-11-17 13:13:43 - __main__ - INFO: Processing UniProt entry 335: P42684
2016-11-17 13:13:45 - __main__ - INFO: Processing UniProt entry 336: O94929
2016-11-17 13:13:45 - __main__ - INFO: Processing UniProt entry 337: Q9UKU7
2016-11-17 13:13:51 - __main__ - INFO: Processing UniProt entry 338: P49748
2016-11-17 13:13:52 - __main__ - INFO: Processing UniProt entry 339: Q5FVE4
2016-11-17 13:13:58 - __main__ - INFO: Processing UniProt entry 340: P62258
2016-11-17 13:14:14 - __main__ - INFO: Processing UniProt entry 341: Q96QU6
2016-11-17 13:14:20 - __main__ - INFO: Processing UniProt entry 342: P30447
2016-11-17 13:14:21 - __main__ - INFO: Processing UniProt entry 343: P18462
2016-11-17 13:14:26 - __main__ - INFO: Processing UniProt entry 344: P30512
2016-11-17 13:14:33 - __main__ - INFO: Processing UniProt entry 345: P16189
2016-11-17 13:14:34 - __main__ - INFO: Processing UniProt entry 346: P16190
2016-11-17 13:14:40 - __main__ - INFO: Processing UniProt entry 347: P30457
2016-11-17 13:14:41 - __main__ - INFO: Processing UniProt entry 348: P01891
2016-11-17 13:14:42 - __main__ - INFO: Processing UniProt entry 349: P01889
2016-11-17 13:14:42 - __main__ - INFO: Processing UniProt entry 350: P30462
2016-11-17 13:14:43 - __main__ - INFO: Processing UniProt entry 351: P30475
2016-11-17 13:14:49 - __main__ - INFO: Processing UniProt entry 352: P30481
2016-11-17 13:14:55 - __main__ - INFO: Processing UniProt entry 353: P30484
2016-11-17 13:14:56 - __main__ - INFO: Processing UniProt entry 354: P30488
2016-11-17 13:14:57 - __main__ - INFO: Processing UniProt entry 355: P30491
2016-11-17 13:14:58 - __main__ - INFO: Processing UniProt entry 356: Q29940
2016-11-17 13:14:59 - __main__ - INFO: Processing UniProt entry 357: Q31612
2016-11-17 13:15:05 - __main__ - INFO: Processing UniProt entry 358: Q31610
2016-11-17 13:15:06 - __main__ - INFO: Processing UniProt entry 359: P30501
2016-11-17 13:15:07 - __main__ - INFO: Processing UniProt entry 360: Q9TNN7
2016-11-17 13:15:08 - __main__ - INFO: Processing UniProt entry 361: P30505
2016-11-17 13:15:14 - __main__ - INFO: Processing UniProt entry 362: P30508
2016-11-17 13:15:25 - __main__ - INFO: Processing UniProt entry 363: Q07000
2016-11-17 13:15:26 - __main__ - INFO: Processing UniProt entry 364: Q29865
2016-11-17 13:15:27 - __main__ - INFO: Processing UniProt entry 365: Q15172
2016-11-17 13:15:28 - __main__ - INFO: Processing UniProt entry 366: Q16537
2016-11-17 13:15:29 - __main__ - INFO: Processing UniProt entry 367: P30154
2016-11-17 13:15:35 - __main__ - INFO: Processing UniProt entry 368: Q9Y2T4
2016-11-17 13:15:41 - __main__ - INFO: Processing UniProt entry 369: P01912
2016-11-17 13:15:42 - __main__ - INFO: Processing UniProt entry 370: Q9TQE0
2016-11-17 13:15:43 - __main__ - INFO: Processing UniProt entry 371: Q95IE3
2016-11-17 13:15:49 - __main__ - INFO: Processing UniProt entry 372: Q5Y7A7
2016-11-17 13:15:50 - __main__ - INFO: Processing UniProt entry 373: O60239
2016-11-17 13:15:56 - __main__ - INFO: Processing UniProt entry 374: P31937
2016-11-17 13:15:57 - __main__ - INFO: Processing UniProt entry 375: O60516
2016-11-17 13:15:58 - __main__ - INFO: Processing UniProt entry 376: P28222
2016-11-17 13:15:59 - __main__ - INFO: Processing UniProt entry 377: P28223
2016-11-17 13:16:00 - __main__ - INFO: Processing UniProt entry 378: P41595
2016-11-17 13:16:06 - __main__ - INFO: Processing UniProt entry 379: P21589
2016-11-17 13:16:07 - __main__ - INFO: Processing UniProt entry 380: P56378
2016-11-17 13:16:08 - __main__ - INFO: Processing UniProt entry 381: P0DKL9
2016-11-17 13:16:09 - __main__ - INFO: Processing UniProt entry 382: Q8IZ83
2016-11-17 13:16:15 - __main__ - INFO: Processing UniProt entry 383: P19652
2016-11-17 13:16:16 - __main__ - INFO: Processing UniProt entry 384: P0DMS8
2016-11-17 13:16:21 - __main__ - INFO: Processing UniProt entry 385: P22760
2016-11-17 13:16:22 - __main__ - INFO: Processing UniProt entry 386: Q9NRG9
2016-11-17 13:16:28 - __main__ - INFO: Processing UniProt entry 387: P01011
2016-11-17 13:16:29 - __main__ - INFO: Processing UniProt entry 388: O43741
2016-11-17 13:16:30 - __main__ - INFO: Processing UniProt entry 389: Q9UGI9
2016-11-17 13:16:31 - __main__ - INFO: Processing UniProt entry 390: Q9UGJ0
2016-11-17 13:16:51 - __main__ - INFO: Processing UniProt entry 391: Q9Y312
2016-11-17 13:16:57 - __main__ - INFO: Processing UniProt entry 392: Q6NTF7
2016-11-17 13:17:10 - __main__ - INFO: Processing UniProt entry 393: Q9BZC7
2016-11-17 13:17:16 - __main__ - INFO: Processing UniProt entry 394: Q8WWZ7
2016-11-17 13:17:34 - __main__ - INFO: Processing UniProt entry 395: O94911
2016-11-17 13:17:40 - __main__ - INFO: Processing UniProt entry 396: Q8WWZ4
2016-11-17 13:17:46 - __main__ - INFO: Processing UniProt entry 397: O14678
2016-11-17 13:17:52 - __main__ - INFO: Processing UniProt entry 398: Q8NE71
2016-11-17 13:17:58 - __main__ - INFO: Processing UniProt entry 399: P18089
2016-11-17 13:17:59 - __main__ - INFO: Processing UniProt entry 400: P18825
2016-11-17 13:18:00 - __main__ - INFO: Processing UniProt entry 401: Q9H2U9
2016-11-17 13:18:06 - __main__ - INFO: Processing UniProt entry 402: P78325
2016-11-17 13:18:07 - __main__ - INFO: Processing UniProt entry 403: P00813
2016-11-17 13:18:13 - __main__ - INFO: Processing UniProt entry 404: Q8NFM4
2016-11-17 13:18:14 - __main__ - INFO: Processing UniProt entry 405: Q6IQ32
2016-11-17 13:18:25 - __main__ - INFO: Processing UniProt entry 406: P12236
2016-11-17 13:18:31 - __main__ - INFO: Processing UniProt entry 407: P10109
2016-11-17 13:18:32 - __main__ - INFO: Processing UniProt entry 408: Q6UXC1
2016-11-17 13:18:37 - __main__ - INFO: Processing UniProt entry 409: P55196
2016-11-17 13:18:38 - __main__ - INFO: Processing UniProt entry 410: Q9Y6Z5
2016-11-17 13:18:45 - __main__ - INFO: Processing UniProt entry 411: Q8IVF2
2016-11-17 13:18:50 - __main__ - INFO: Processing UniProt entry 412: Q9NVV5
2016-11-17 13:18:51 - __main__ - INFO: Processing UniProt entry 413: P52895
2016-11-17 13:18:52 - __main__ - INFO: Processing UniProt entry 414: P17516
2016-11-17 13:18:53 - __main__ - INFO: Processing UniProt entry 415: Q9UKA4
2016-11-17 13:18:59 - __main__ - INFO: Processing UniProt entry 416: Q02952
2016-11-17 13:19:10 - __main__ - INFO: Processing UniProt entry 417: Q86UN6
2016-11-17 13:19:16 - __main__ - INFO: Processing UniProt entry 418: Q9P0M2
2016-11-17 13:19:22 - __main__ - INFO: Processing UniProt entry 419: O43823
2016-11-17 13:19:23 - __main__ - INFO: Processing UniProt entry 420: Q5T2L2
2016-11-17 13:19:29 - __main__ - INFO: Processing UniProt entry 421: Q495B1
2016-11-17 13:19:30 - __main__ - INFO: Processing UniProt entry 422: Q9H8T0
2016-11-17 13:19:31 - __main__ - INFO: Processing UniProt entry 423: O94788
2016-11-17 13:19:37 - __main__ - INFO: Processing UniProt entry 424: P47895
2016-11-17 13:19:38 - __main__ - INFO: Processing UniProt entry 425: P30837
2016-11-17 13:19:44 - __main__ - INFO: Processing UniProt entry 426: O75891
2016-11-17 13:19:50 - __main__ - INFO: Processing UniProt entry 427: P43353
2016-11-17 13:19:51 - __main__ - INFO: Processing UniProt entry 428: P05062
2016-11-17 13:19:52 - __main__ - INFO: Processing UniProt entry 429: Q9H553
2016-11-17 13:19:53 - __main__ - INFO: Processing UniProt entry 430: Q9BVK2
2016-11-17 13:19:59 - __main__ - INFO: Processing UniProt entry 431: Q6P6C2
2016-11-17 13:20:00 - __main__ - INFO: Processing UniProt entry 432: Q9BT30
2016-11-17 13:20:01 - __main__ - INFO: Processing UniProt entry 433: Q9NP70
2016-11-17 13:20:07 - __main__ - INFO: Processing UniProt entry 434: Q07075
2016-11-17 13:20:08 - __main__ - INFO: Processing UniProt entry 435: P28838
2016-11-17 13:20:14 - __main__ - INFO: Processing UniProt entry 436: Q6Q4G3
2016-11-17 13:20:20 - __main__ - INFO: Processing UniProt entry 437: Q7Z695
2016-11-17 13:20:20 - __main__ - INFO: Processing UniProt entry 438: Q6P093
2016-11-17 13:20:31 - __main__ - INFO: Processing UniProt entry 439: Q9BRR6
2016-11-17 13:20:37 - __main__ - INFO: Processing UniProt entry 440: P54922
2016-11-17 13:20:43 - __main__ - INFO: Processing UniProt entry 441: Q9Y6U3
2016-11-17 13:20:44 - __main__ - INFO: Processing UniProt entry 442: Q96SZ5
2016-11-17 13:20:50 - __main__ - INFO: Processing UniProt entry 443: Q5I7T1
2016-11-17 13:20:51 - __main__ - INFO: Processing UniProt entry 444: Q99490
2016-11-17 13:20:52 - __main__ - INFO: Processing UniProt entry 445: Q96P47
2016-11-17 13:20:58 - __main__ - INFO: Processing UniProt entry 446: Q9UKV8
2016-11-17 13:21:00 - __main__ - INFO: Processing UniProt entry 447: Q9HCK5
2016-11-17 13:21:05 - __main__ - INFO: Processing UniProt entry 448: O60241
2016-11-17 13:21:12 - __main__ - INFO: Processing UniProt entry 449: Q86SQ3
2016-11-17 13:21:13 - __main__ - INFO: Processing UniProt entry 450: Q5T601
2016-11-17 13:21:13 - __main__ - INFO: Processing UniProt entry 451: Q9Y653
2016-11-17 13:21:16 - __main__ - INFO: Processing UniProt entry 452: Q9BYV1
2016-11-17 13:21:21 - __main__ - INFO: Processing UniProt entry 453: P50052
2016-11-17 13:21:27 - __main__ - INFO: Processing UniProt entry 454: P14550
2016-11-17 13:21:29 - __main__ - INFO: Processing UniProt entry 455: O60218
2016-11-17 13:21:34 - __main__ - INFO: Processing UniProt entry 456: Q04828
2016-11-17 13:21:41 - __main__ - INFO: Processing UniProt entry 457: P42330
2016-11-17 13:21:47 - __main__ - INFO: Processing UniProt entry 458: O43572
2016-11-17 13:21:48 - __main__ - INFO: Processing UniProt entry 459: Q9NWT8
2016-11-17 13:21:49 - __main__ - INFO: Processing UniProt entry 460: Q7Z591
2016-11-17 13:21:54 - __main__ - INFO: Processing UniProt entry 461: Q8TD30
2016-11-17 13:22:01 - __main__ - INFO: Processing UniProt entry 462: P15121
2016-11-17 13:22:07 - __main__ - INFO: Processing UniProt entry 463: Q92685
2016-11-17 13:22:13 - __main__ - INFO: Processing UniProt entry 464: Q9Y673
2016-11-17 13:22:19 - __main__ - INFO: Processing UniProt entry 465: Q9Y672
2016-11-17 13:22:20 - __main__ - INFO: Processing UniProt entry 466: Q8TCU4
2016-11-17 13:22:25 - __main__ - INFO: Processing UniProt entry 467: Q99218
2016-11-17 13:22:26 - __main__ - INFO: Processing UniProt entry 468: Q400G9
2016-11-17 13:22:32 - __main__ - INFO: Processing UniProt entry 469: Q92688
2016-11-17 13:22:33 - __main__ - INFO: Processing UniProt entry 470: Q32M45
2016-11-17 13:22:34 - __main__ - INFO: Processing UniProt entry 471: P20594
2016-11-17 13:22:40 - __main__ - INFO: Processing UniProt entry 472: O75179
2016-11-17 13:22:46 - __main__ - INFO: Processing UniProt entry 473: Q96NW4
2016-11-17 13:22:47 - __main__ - INFO: Processing UniProt entry 474: Q8N8A2
2016-11-17 13:22:48 - __main__ - INFO: Processing UniProt entry 475: Q8NB46
2016-11-17 13:22:54 - __main__ - INFO: Processing UniProt entry 476: Q3KP44
2016-11-17 13:23:00 - __main__ - INFO: Processing UniProt entry 477: C9JTQ0
2016-11-17 13:23:06 - __main__ - INFO: Processing UniProt entry 478: P27216
2016-11-17 13:23:16 - __main__ - INFO: Processing UniProt entry 479: P08758
2016-11-17 13:23:23 - __main__ - INFO: Processing UniProt entry 480: P08133
2016-11-17 13:23:24 - __main__ - INFO: Processing UniProt entry 481: O60641
2016-11-17 13:23:30 - __main__ - INFO: Processing UniProt entry 482: Q3LIE5
2016-11-17 13:23:31 - __main__ - INFO: Processing UniProt entry 483: Q9H0C2
2016-11-17 13:23:37 - __main__ - INFO: Processing UniProt entry 484: P55198
2016-11-17 13:23:37 - __main__ - INFO: Processing UniProt entry 485: Q8TED9
2016-11-17 13:23:38 - __main__ - INFO: Processing UniProt entry 486: Q5BKT4
2016-11-17 13:23:39 - __main__ - INFO: Processing UniProt entry 487: A8MT82
2016-11-17 13:23:40 - __main__ - INFO: Processing UniProt entry 488: Q9UPQ3
2016-11-17 13:23:41 - __main__ - INFO: Processing UniProt entry 489: A6NIR3
2016-11-17 13:23:47 - __main__ - INFO: Processing UniProt entry 490: Q53H12
2016-11-17 13:24:06 - __main__ - INFO: Processing UniProt entry 491: Q8TD06
2016-11-17 13:24:12 - __main__ - INFO: Processing UniProt entry 492: P30556
2016-11-17 13:24:13 - __main__ - INFO: Processing UniProt entry 493: Q13155
2016-11-17 13:24:14 - __main__ - INFO: Processing UniProt entry 494: Q16352
2016-11-17 13:24:19 - __main__ - INFO: Processing UniProt entry 495: Q9NZN9
2016-11-17 13:24:20 - __main__ - INFO: Processing UniProt entry 496: P0CW23
2016-11-17 13:24:26 - __main__ - INFO: Processing UniProt entry 497: Q5JQC9
2016-11-17 13:24:27 - __main__ - INFO: Processing UniProt entry 498: P24588
2016-11-17 13:24:28 - __main__ - INFO: Processing UniProt entry 499: Q99996
2016-11-17 13:24:29 - __main__ - INFO: Processing UniProt entry 500: Q9H9L7
2016-11-17 13:24:35 - __main__ - INFO: Processing UniProt entry 501: Q53H80
2016-11-17 13:24:36 - __main__ - INFO: Processing UniProt entry 502: P31751
2016-11-17 13:24:42 - __main__ - INFO: Processing UniProt entry 503: Q8N8R7
2016-11-17 13:24:48 - __main__ - INFO: Processing UniProt entry 504: Q60I27
2016-11-17 13:24:49 - __main__ - INFO: Processing UniProt entry 505: Q96Q35
2016-11-17 13:24:50 - __main__ - INFO: Processing UniProt entry 506: P51648
2016-11-17 13:24:51 - __main__ - INFO: Processing UniProt entry 507: Q9H2A2
2016-11-17 13:24:52 - __main__ - INFO: Processing UniProt entry 508: P24298
2016-11-17 13:24:58 - __main__ - INFO: Processing UniProt entry 509: P09972
2016-11-17 13:24:59 - __main__ - INFO: Processing UniProt entry 510: Q13686
2016-11-17 13:25:00 - __main__ - INFO: Processing UniProt entry 511: Q6NS38
2016-11-17 13:25:01 - __main__ - INFO: Processing UniProt entry 512: Q96Q83
2016-11-17 13:25:07 - __main__ - INFO: Processing UniProt entry 513: Q96L96
2016-11-17 13:25:08 - __main__ - INFO: Processing UniProt entry 514: P02760
2016-11-17 13:25:09 - __main__ - INFO: Processing UniProt entry 515: Q86WK6
2016-11-17 13:25:15 - __main__ - INFO: Processing UniProt entry 516: Q16671
2016-11-17 13:25:21 - __main__ - INFO: Processing UniProt entry 517: Q9Y4X0
2016-11-17 13:25:22 - __main__ - INFO: Processing UniProt entry 518: Q8IY45
2016-11-17 13:25:28 - __main__ - INFO: Processing UniProt entry 519: Q8IY63
2016-11-17 13:25:33 - __main__ - INFO: Processing UniProt entry 520: Q9C0C7
2016-11-17 13:25:34 - __main__ - INFO: Processing UniProt entry 521: A5PLL1
2016-11-17 13:25:41 - __main__ - INFO: Processing UniProt entry 522: Q9UNK9
2016-11-17 13:25:45 - __main__ - INFO: Processing UniProt entry 523: O95841
2016-11-17 13:25:46 - __main__ - INFO: Processing UniProt entry 524: Q8NI99
2016-11-17 13:25:52 - __main__ - INFO: Processing UniProt entry 525: P01019
2016-11-17 13:25:58 - __main__ - INFO: Processing UniProt entry 526: Q8IWZ3
2016-11-17 13:25:59 - __main__ - INFO: Processing UniProt entry 527: Q9Y2G4
2016-11-17 13:26:05 - __main__ - INFO: Processing UniProt entry 528: A6NFN9
2016-11-17 13:26:06 - __main__ - INFO: Processing UniProt entry 529: Q9H8Y5
2016-11-17 13:26:07 - __main__ - INFO: Processing UniProt entry 530: Q8WW27
2016-11-17 13:26:13 - __main__ - INFO: Processing UniProt entry 531: Q96SE0
2016-11-17 13:26:19 - __main__ - INFO: Processing UniProt entry 532: Q6H8Q1
2016-11-17 13:26:25 - __main__ - INFO: Processing UniProt entry 533: Q9P1F3
2016-11-17 13:26:31 - __main__ - INFO: Processing UniProt entry 534: Q8N0Z2
2016-11-17 13:26:32 - __main__ - INFO: Processing UniProt entry 535: Q969K4
2016-11-17 13:26:38 - __main__ - INFO: Processing UniProt entry 536: Q8N6N7
2016-11-17 13:26:44 - __main__ - INFO: Processing UniProt entry 537: Q16570
2016-11-17 13:26:45 - __main__ - INFO: Processing UniProt entry 538: Q86TX2
2016-11-17 13:26:45 - __main__ - INFO: Processing UniProt entry 539: Q9NUZ1
2016-11-17 13:26:51 - __main__ - INFO: Processing UniProt entry 540: P13798
2016-11-17 13:26:53 - __main__ - INFO: Processing UniProt entry 541: O14561
2016-11-17 13:27:08 - __main__ - INFO: Processing UniProt entry 542: Q96QF7
2016-11-17 13:27:09 - __main__ - INFO: Processing UniProt entry 543: Q9NUB1
2016-11-17 13:27:10 - __main__ - INFO: Processing UniProt entry 544: P63267
2016-11-17 13:27:11 - __main__ - INFO: Processing UniProt entry 545: Q08043
2016-11-17 13:27:17 - __main__ - INFO: Processing UniProt entry 546: P68133
2016-11-17 13:27:18 - __main__ - INFO: Processing UniProt entry 547: Q8TDY3
2016-11-17 13:27:19 - __main__ - INFO: Processing UniProt entry 548: P61163
2016-11-17 13:27:30 - __main__ - INFO: Processing UniProt entry 549: O43506
2016-11-17 13:27:36 - __main__ - INFO: Processing UniProt entry 550: Q9P0K1
2016-11-17 13:27:42 - __main__ - INFO: Processing UniProt entry 551: Q9UKF5
2016-11-17 13:27:57 - __main__ - INFO: Processing UniProt entry 552: Q9NPF8
2016-11-17 13:27:57 - __main__ - INFO: Processing UniProt entry 553: Q9BUB4
2016-11-17 13:27:58 - __main__ - INFO: Processing UniProt entry 554: Q15847
2016-11-17 13:28:04 - __main__ - INFO: Processing UniProt entry 555: Q96P64
2016-11-17 13:28:10 - __main__ - INFO: Processing UniProt entry 556: Q5VTM2
2016-11-17 13:28:16 - __main__ - INFO: Processing UniProt entry 557: Q09666
2016-11-17 13:28:22 - __main__ - INFO: Processing UniProt entry 558: Q96B36
2016-11-17 13:28:23 - __main__ - INFO: Processing UniProt entry 559: P00352
2016-11-17 13:28:24 - __main__ - INFO: Processing UniProt entry 560: P20292
2016-11-17 13:28:25 - __main__ - INFO: Processing UniProt entry 561: P49419
2016-11-17 13:28:26 - __main__ - INFO: Processing UniProt entry 562: Q9BYX7
2016-11-17 13:28:27 - __main__ - INFO: Processing UniProt entry 563: Q8NER5
2016-11-17 13:28:28 - __main__ - INFO: Processing UniProt entry 564: Q04771
2016-11-17 13:28:29 - __main__ - INFO: Processing UniProt entry 565: P35318
2016-11-17 13:28:35 - __main__ - INFO: Processing UniProt entry 566: Q16186
2016-11-17 13:28:36 - __main__ - INFO: Processing UniProt entry 567: P22570
2016-11-17 13:28:37 - __main__ - INFO: Processing UniProt entry 568: Q8IUX7
2016-11-17 13:28:38 - __main__ - INFO: Processing UniProt entry 569: Q8WTP8
2016-11-17 13:28:44 - __main__ - INFO: Processing UniProt entry 570: P42568
2016-11-17 13:28:45 - __main__ - INFO: Processing UniProt entry 571: Q8N556
2016-11-17 13:28:46 - __main__ - INFO: Processing UniProt entry 572: P51816
2016-11-17 13:28:52 - __main__ - INFO: Processing UniProt entry 573: P52594
2016-11-17 13:28:53 - __main__ - INFO: Processing UniProt entry 574: Q8IZF6
2016-11-17 13:28:54 - __main__ - INFO: Processing UniProt entry 575: O94910
2016-11-17 13:28:55 - __main__ - INFO: Processing UniProt entry 576: Q9HBW9
2016-11-17 13:28:56 - __main__ - INFO: Processing UniProt entry 577: O00253
2016-11-17 13:28:57 - __main__ - INFO: Processing UniProt entry 578: Q8N157
2016-11-17 13:28:58 - __main__ - INFO: Processing UniProt entry 579: P35869
2016-11-17 13:29:04 - __main__ - INFO: Processing UniProt entry 580: Q719I0
2016-11-17 13:29:05 - __main__ - INFO: Processing UniProt entry 581: Q9BQI0
2016-11-17 13:29:06 - __main__ - INFO: Processing UniProt entry 582: O00170
2016-11-17 13:29:08 - __main__ - INFO: Processing UniProt entry 583: Q96IF1
2016-11-17 13:29:14 - __main__ - INFO: Processing UniProt entry 584: Q13023
2016-11-17 13:29:15 - __main__ - INFO: Processing UniProt entry 585: Q96JD6
2016-11-17 13:29:23 - __main__ - INFO: Processing UniProt entry 586: Q9NQ31
2016-11-17 13:29:29 - __main__ - INFO: Processing UniProt entry 587: Q5T1N1
2016-11-17 13:29:30 - __main__ - INFO: Processing UniProt entry 588: Q9Y243
2016-11-17 13:29:36 - __main__ - INFO: Processing UniProt entry 589: Q3SY69
2016-11-17 13:29:42 - __main__ - INFO: Processing UniProt entry 590: Q2TAA5
2016-11-17 13:29:43 - __main__ - INFO: Processing UniProt entry 591: Q9BV10
2016-11-17 13:29:44 - __main__ - INFO: Processing UniProt entry 592: Q96F25
2016-11-17 13:29:45 - __main__ - INFO: Processing UniProt entry 593: Q9H6U8
2016-11-17 13:29:46 - __main__ - INFO: Processing UniProt entry 594: Q9NXW9
2016-11-17 13:29:47 - __main__ - INFO: Processing UniProt entry 595: Q3KRA9
2016-11-17 13:29:53 - __main__ - INFO: Processing UniProt entry 596: Q96BT7
2016-11-17 13:29:54 - __main__ - INFO: Processing UniProt entry 597: Q6ZNB7
2016-11-17 13:30:00 - __main__ - INFO: Processing UniProt entry 598: P35858
2016-11-17 13:30:01 - __main__ - INFO: Processing UniProt entry 599: O95076
2016-11-17 13:30:02 - __main__ - INFO: Processing UniProt entry 600: Q9H161
2016-11-17 13:30:08 - __main__ - INFO: Processing UniProt entry 601: Q9UHK6
2016-11-17 13:30:09 - __main__ - INFO: Processing UniProt entry 602: Q8N7J2
2016-11-17 13:30:15 - __main__ - INFO: Processing UniProt entry 603: Q6DCA0
2016-11-17 13:30:16 - __main__ - INFO: Processing UniProt entry 604: Q9UKV5
2016-11-17 13:30:17 - __main__ - INFO: Processing UniProt entry 605: Q86WK7
2016-11-17 13:30:18 - __main__ - INFO: Processing UniProt entry 606: P31946
2016-11-17 13:30:24 - __main__ - INFO: Processing UniProt entry 607: P31947
2016-11-17 13:30:25 - __main__ - INFO: Processing UniProt entry 608: P27348
2016-11-17 13:30:26 - __main__ - INFO: Processing UniProt entry 609: P29275
2016-11-17 13:30:31 - __main__ - INFO: Processing UniProt entry 610: Q04844
2016-11-17 13:30:32 - __main__ - INFO: Processing UniProt entry 611: O96019
2016-11-17 13:30:33 - __main__ - INFO: Processing UniProt entry 612: P08172
2016-11-17 13:30:39 - __main__ - INFO: Processing UniProt entry 613: P08912
2016-11-17 13:30:45 - __main__ - INFO: Processing UniProt entry 614: Q9UKU0
2016-11-17 13:30:46 - __main__ - INFO: Processing UniProt entry 615: Q53FZ2
2016-11-17 13:30:52 - __main__ - INFO: Processing UniProt entry 616: Q01718
2016-11-17 13:30:53 - __main__ - INFO: Processing UniProt entry 617: O43707
2016-11-17 13:30:54 - __main__ - INFO: Processing UniProt entry 618: Q96HD9
2016-11-17 13:31:05 - __main__ - INFO: Processing UniProt entry 619: P07311
2016-11-17 13:31:09 - __main__ - INFO: Processing UniProt entry 620: P14621
2016-11-17 13:31:15 - __main__ - INFO: Processing UniProt entry 621: Q5VUY0
2016-11-17 13:31:20 - __main__ - INFO: Processing UniProt entry 622: Q08828
2016-11-17 13:31:21 - __main__ - INFO: Processing UniProt entry 623: P40145
2016-11-17 13:31:22 - __main__ - INFO: Processing UniProt entry 624: O60503
2016-11-17 13:31:23 - __main__ - INFO: Processing UniProt entry 625: Q96PN6
2016-11-17 13:31:29 - __main__ - INFO: Processing UniProt entry 626: O15204
2016-11-17 13:31:30 - __main__ - INFO: Processing UniProt entry 627: P28332
2016-11-17 13:31:31 - __main__ - INFO: Processing UniProt entry 628: P40394
2016-11-17 13:31:46 - __main__ - INFO: Processing UniProt entry 629: Q9UHB7
2016-11-17 13:31:47 - __main__ - INFO: Processing UniProt entry 630: Q5VUJ5
2016-11-17 13:31:47 - __main__ - INFO: Processing UniProt entry 631: O95994
2016-11-17 13:31:49 - __main__ - INFO: Processing UniProt entry 632: O60242
2016-11-17 13:31:54 - __main__ - INFO: Processing UniProt entry 633: P36896
2016-11-17 13:32:01 - __main__ - INFO: Processing UniProt entry 634: P37023
2016-11-17 13:32:02 - __main__ - INFO: Processing UniProt entry 635: Q9Y3Q7
2016-11-17 13:32:05 - __main__ - INFO: Processing UniProt entry 636: P25100
2016-11-17 13:32:06 - __main__ - INFO: Processing UniProt entry 637: O75077
2016-11-17 13:32:12 - __main__ - INFO: Processing UniProt entry 638: Q6NVV9
2016-11-17 13:32:18 - __main__ - INFO: Processing UniProt entry 639: O75689
2016-11-17 13:32:24 - __main__ - INFO: Processing UniProt entry 640: P35612
2016-11-17 13:32:25 - __main__ - INFO: Processing UniProt entry 641: Q8N7X0
2016-11-17 13:32:26 - __main__ - INFO: Processing UniProt entry 642: P07327
2016-11-17 13:32:27 - __main__ - INFO: Processing UniProt entry 643: P00325
2016-11-17 13:32:28 - __main__ - INFO: Processing UniProt entry 644: P00326
2016-11-17 13:32:29 - __main__ - INFO: Processing UniProt entry 645: Q5T7M4
2016-11-17 13:32:30 - __main__ - INFO: Processing UniProt entry 646: Q15848
2016-11-17 13:32:31 - __main__ - INFO: Processing UniProt entry 647: P06280
2016-11-17 13:32:32 - __main__ - INFO: Processing UniProt entry 648: Q5VW22
2016-11-17 13:32:33 - __main__ - INFO: Processing UniProt entry 649: O95394
2016-11-17 13:32:39 - __main__ - INFO: Processing UniProt entry 650: Q8IWK6
2016-11-17 13:32:45 - __main__ - INFO: Processing UniProt entry 651: Q7Z7M1
2016-11-17 13:32:46 - __main__ - INFO: Processing UniProt entry 652: Q14246
2016-11-17 13:32:47 - __main__ - INFO: Processing UniProt entry 653: Q9UHX3
2016-11-17 13:32:48 - __main__ - INFO: Processing UniProt entry 654: Q8IZF5
2016-11-17 13:32:49 - __main__ - INFO: Processing UniProt entry 655: Q8IZP9
2016-11-17 13:32:55 - __main__ - INFO: Processing UniProt entry 656: Q8IZF4
2016-11-17 13:33:01 - __main__ - INFO: Processing UniProt entry 657: O00468
2016-11-17 13:33:07 - __main__ - INFO: Processing UniProt entry 658: Q9BRQ8
2016-11-17 13:33:08 - __main__ - INFO: Processing UniProt entry 659: O14862
2016-11-17 13:33:14 - __main__ - INFO: Processing UniProt entry 660: Q9BXJ7
2016-11-17 13:33:27 - __main__ - INFO: Processing UniProt entry 661: Q9Y2J4
2016-11-17 13:33:33 - __main__ - INFO: Processing UniProt entry 662: P49418
2016-11-17 13:33:34 - __main__ - INFO: Processing UniProt entry 663: P30533
2016-11-17 13:33:40 - __main__ - INFO: Processing UniProt entry 664: Q86YJ7
2016-11-17 13:34:01 - __main__ - INFO: Processing UniProt entry 665: Q8N6S4
2016-11-17 13:34:07 - __main__ - INFO: Processing UniProt entry 666: Q8IVF6
2016-11-17 13:34:08 - __main__ - INFO: Processing UniProt entry 667: Q9BXX3
2016-11-17 13:34:14 - __main__ - INFO: Processing UniProt entry 668: A6NCL7
2016-11-17 13:34:15 - __main__ - INFO: Processing UniProt entry 669: Q69YU3
2016-11-17 13:34:16 - __main__ - INFO: Processing UniProt entry 670: P16860
2016-11-17 13:34:17 - __main__ - INFO: Processing UniProt entry 671: Q8N957
2016-11-17 13:34:23 - __main__ - INFO: Processing UniProt entry 672: Q8NFD2
2016-11-17 13:34:29 - __main__ - INFO: Processing UniProt entry 673: Q96BM1
2016-11-17 13:34:35 - __main__ - INFO: Processing UniProt entry 674: Q8IV38
2016-11-17 13:34:41 - __main__ - INFO: Processing UniProt entry 675: Q96LA8
2016-11-17 13:34:43 - __main__ - INFO: Processing UniProt entry 676: P58335
2016-11-17 13:34:44 - __main__ - INFO: Processing UniProt entry 677: O76027
2016-11-17 13:34:45 - __main__ - INFO: Processing UniProt entry 678: Q63HQ0
2016-11-17 13:34:46 - __main__ - INFO: Processing UniProt entry 679: Q7Z6R9
2016-11-17 13:34:52 - __main__ - INFO: Processing UniProt entry 680: Q99767
2016-11-17 13:34:53 - __main__ - INFO: Processing UniProt entry 681: O00213
2016-11-17 13:34:54 - __main__ - INFO: Processing UniProt entry 682: Q9BS18
2016-11-17 13:34:55 - __main__ - INFO: Processing UniProt entry 683: Q96DE5
2016-11-17 13:35:01 - __main__ - INFO: Processing UniProt entry 684: Q9H1A4
2016-11-17 13:35:02 - __main__ - INFO: Processing UniProt entry 685: P62736
2016-11-17 13:35:03 - __main__ - INFO: Processing UniProt entry 686: Q562R1
2016-11-17 13:35:10 - __main__ - INFO: Processing UniProt entry 687: P68032
2016-11-17 13:35:11 - __main__ - INFO: Processing UniProt entry 688: P63261
2016-11-17 13:35:12 - __main__ - INFO: Processing UniProt entry 689: Q03154
2016-11-17 13:35:13 - __main__ - INFO: Processing UniProt entry 690: P45381
2016-11-17 13:35:14 - __main__ - INFO: Processing UniProt entry 691: O14672
2016-11-17 13:35:15 - __main__ - INFO: Processing UniProt entry 692: O43184
2016-11-17 13:35:16 - __main__ - INFO: Processing UniProt entry 693: Q13444
2016-11-17 13:35:22 - __main__ - INFO: Processing UniProt entry 694: P11766
2016-11-17 13:35:28 - __main__ - INFO: Processing UniProt entry 695: Q9Y2D8
2016-11-17 13:35:29 - __main__ - INFO: Processing UniProt entry 696: Q9H2P0
2016-11-17 13:35:35 - __main__ - INFO: Processing UniProt entry 697: Q9NRN7
2016-11-17 13:35:36 - __main__ - INFO: Processing UniProt entry 698: P08588
2016-11-17 13:35:42 - __main__ - INFO: Processing UniProt entry 699: P05141
2016-11-17 13:35:43 - __main__ - INFO: Processing UniProt entry 700: Q96IZ2
2016-11-17 13:35:49 - __main__ - INFO: Processing UniProt entry 701: Q08117
2016-11-17 13:35:50 - __main__ - INFO: Processing UniProt entry 702: P55197
2016-11-17 13:35:51 - __main__ - INFO: Processing UniProt entry 703: P43652
2016-11-17 13:35:52 - __main__ - INFO: Processing UniProt entry 704: P51825
2016-11-17 13:35:53 - __main__ - INFO: Processing UniProt entry 705: P51826
2016-11-17 13:35:59 - __main__ - INFO: Processing UniProt entry 706: O95081
2016-11-17 13:36:05 - __main__ - INFO: Processing UniProt entry 707: Q8N302
2016-11-17 13:36:06 - __main__ - INFO: Processing UniProt entry 708: Q9H9G7
2016-11-17 13:36:07 - __main__ - INFO: Processing UniProt entry 709: Q9BY15
2016-11-17 13:36:07 - __main__ - INFO: Processing UniProt entry 710: Q8IZF3
2016-11-17 13:36:14 - __main__ - INFO: Processing UniProt entry 711: Q8IZF2
2016-11-17 13:36:19 - __main__ - INFO: Processing UniProt entry 712: O95490
2016-11-17 13:36:26 - __main__ - INFO: Processing UniProt entry 713: Q9HAR2
2016-11-17 13:36:31 - __main__ - INFO: Processing UniProt entry 714: A9YTQ3
2016-11-17 13:36:32 - __main__ - INFO: Processing UniProt entry 715: O95433
2016-11-17 13:36:33 - __main__ - INFO: Processing UniProt entry 716: Q96BJ3
2016-11-17 13:36:48 - __main__ - INFO: Processing UniProt entry 717: P55008
2016-11-17 13:36:49 - __main__ - INFO: Processing UniProt entry 718: O95831
2016-11-17 13:36:55 - __main__ - INFO: Processing UniProt entry 719: O43918
2016-11-17 13:36:56 - __main__ - INFO: Processing UniProt entry 720: Q02040
2016-11-17 13:36:57 - __main__ - INFO: Processing UniProt entry 721: P51857
2016-11-17 13:37:03 - __main__ - INFO: Processing UniProt entry 722: O43687
2016-11-17 13:37:09 - __main__ - INFO: Processing UniProt entry 723: Q92667
2016-11-17 13:37:09 - __main__ - INFO: Processing UniProt entry 724: Q9Y2D5
2016-11-17 13:37:27 - __main__ - INFO: Processing UniProt entry 725: P04075
2016-11-17 13:37:28 - __main__ - INFO: Processing UniProt entry 726: Q8N6M5
2016-11-17 13:37:29 - __main__ - INFO: Processing UniProt entry 727: Q9Y614
2016-11-17 13:37:30 - __main__ - INFO: Processing UniProt entry 728: P53396
2016-11-17 13:37:31 - __main__ - INFO: Processing UniProt entry 729: P20309
2016-11-17 13:37:32 - __main__ - INFO: Processing UniProt entry 730: Q8TDX5
2016-11-17 13:37:33 - __main__ - INFO: Processing UniProt entry 731: Q8WXI4
2016-11-17 13:37:47 - __main__ - INFO: Processing UniProt entry 732: Q8WYK0
2016-11-17 13:37:48 - __main__ - INFO: Processing UniProt entry 733: Q99424
2016-11-17 13:37:49 - __main__ - INFO: Processing UniProt entry 734: Q96CM8
2016-11-17 13:38:04 - __main__ - INFO: Processing UniProt entry 735: Q6P461
2016-11-17 13:38:05 - __main__ - INFO: Processing UniProt entry 736: Q8TC94
2016-11-17 13:38:06 - __main__ - INFO: Processing UniProt entry 737: Q6DHV7
2016-11-17 13:38:12 - __main__ - INFO: Processing UniProt entry 738: O00116
2016-11-17 13:38:13 - __main__ - INFO: Processing UniProt entry 739: Q7Z6V5
2016-11-17 13:38:14 - __main__ - INFO: Processing UniProt entry 740: C9JUS6
2016-11-17 13:38:15 - __main__ - INFO: Processing UniProt entry 741: Q96A54
2016-11-17 13:38:21 - __main__ - INFO: Processing UniProt entry 742: Q86V24
2016-11-17 13:38:27 - __main__ - INFO: Processing UniProt entry 743: P07550
2016-11-17 13:38:33 - __main__ - INFO: Processing UniProt entry 744: Q8N4X5
2016-11-17 13:38:34 - __main__ - INFO: Processing UniProt entry 745: Q6ULP2
2016-11-17 13:38:40 - __main__ - INFO: Processing UniProt entry 746: Q8TF27
2016-11-17 13:38:41 - __main__ - INFO: Processing UniProt entry 747: Q9UL18
2016-11-17 13:38:47 - __main__ - INFO: Processing UniProt entry 748: Q6QNK2
2016-11-17 13:38:48 - __main__ - INFO: Processing UniProt entry 749: Q8IZF7
2016-11-17 13:38:54 - __main__ - INFO: Processing UniProt entry 750: Q86Y34
2016-11-17 13:38:55 - __main__ - INFO: Processing UniProt entry 751: Q96K78
2016-11-17 13:39:01 - __main__ - INFO: Processing UniProt entry 752: Q8N1P7
2016-11-17 13:39:02 - __main__ - INFO: Processing UniProt entry 753: Q9Y4K1
2016-11-17 13:39:08 - __main__ - INFO: Processing UniProt entry 754: Q12904
2016-11-17 13:39:09 - __main__ - INFO: Processing UniProt entry 755: A6NHY2
2016-11-17 13:39:10 - __main__ - INFO: Processing UniProt entry 756: Q12802
2016-11-17 13:39:11 - __main__ - INFO: Processing UniProt entry 757: Q9ULX6
2016-11-17 13:39:12 - __main__ - INFO: Processing UniProt entry 758: Q86TB3
2016-11-17 13:39:18 - __main__ - INFO: Processing UniProt entry 759: Q15699
2016-11-17 13:39:31 - __main__ - INFO: Processing UniProt entry 760: Q8N2N9
2016-11-17 13:39:36 - __main__ - INFO: Processing UniProt entry 761: P54802
2016-11-17 13:39:43 - __main__ - INFO: Processing UniProt entry 762: Q9UJX6
2016-11-17 13:39:49 - __main__ - INFO: Processing UniProt entry 763: Q9NR22
2016-11-17 13:39:55 - __main__ - INFO: Processing UniProt entry 764: Q6VUC0
2016-11-17 13:39:56 - __main__ - INFO: Processing UniProt entry 765: P53680
2016-11-17 13:39:57 - __main__ - INFO: Processing UniProt entry 766: Q96N21
2016-11-17 13:40:03 - __main__ - INFO: Processing UniProt entry 767: Q9H0R1
2016-11-17 13:40:04 - __main__ - INFO: Processing UniProt entry 768: Q9NUS5
2016-11-17 13:40:05 - __main__ - INFO: Processing UniProt entry 769: P25054
2016-11-17 13:40:11 - __main__ - INFO: Processing UniProt entry 770: Q9BPW4
2016-11-17 13:40:17 - __main__ - INFO: Processing UniProt entry 771: Q9BWW8
2016-11-17 13:40:18 - __main__ - INFO: Processing UniProt entry 772: P07741
2016-11-17 13:40:19 - __main__ - INFO: Processing UniProt entry 773: P41181
2016-11-17 13:40:42 - __main__ - INFO: Processing UniProt entry 774: O14520
2016-11-17 13:40:48 - __main__ - INFO: Processing UniProt entry 775: O43315
2016-11-17 13:40:49 - __main__ - INFO: Processing UniProt entry 776: Q5H913
2016-11-17 13:40:50 - __main__ - INFO: Processing UniProt entry 777: Q96P48
2016-11-17 13:40:51 - __main__ - INFO: Processing UniProt entry 778: P15514
2016-11-17 13:40:52 - __main__ - INFO: Processing UniProt entry 779: Q8N6H7
2016-11-17 13:40:53 - __main__ - INFO: Processing UniProt entry 780: Q9NP61
2016-11-17 13:40:54 - __main__ - INFO: Processing UniProt entry 781: A1IGU5
2016-11-17 13:41:00 - __main__ - INFO: Processing UniProt entry 782: Q8TER5
2016-11-17 13:41:01 - __main__ - INFO: Processing UniProt entry 783: Q92974
2016-11-17 13:41:02 - __main__ - INFO: Processing UniProt entry 784: Q15052
2016-11-17 13:41:03 - __main__ - INFO: Processing UniProt entry 785: O43307
2016-11-17 13:41:04 - __main__ - INFO: Processing UniProt entry 786: P29374
2016-11-17 13:41:10 - __main__ - INFO: Processing UniProt entry 787: Q8IVW1
2016-11-17 13:41:16 - __main__ - INFO: Processing UniProt entry 788: P36404
2016-11-17 13:41:22 - __main__ - INFO: Processing UniProt entry 789: P36405
2016-11-17 13:41:27 - __main__ - INFO: Processing UniProt entry 790: P40617
2016-11-17 13:41:34 - __main__ - INFO: Processing UniProt entry 791: Q9NVJ2
2016-11-17 13:41:40 - __main__ - INFO: Processing UniProt entry 792: Q96NN9
2016-11-17 13:41:41 - __main__ - INFO: Processing UniProt entry 793: Q9UKB5
2016-11-17 13:41:42 - __main__ - INFO: Processing UniProt entry 794: Q53TS8
2016-11-17 13:41:43 - __main__ - INFO: Processing UniProt entry 795: P30838
2016-11-17 13:41:43 - __main__ - INFO: Processing UniProt entry 796: P48448
2016-11-17 13:41:49 - __main__ - INFO: Processing UniProt entry 797: P30038
2016-11-17 13:42:00 - __main__ - INFO: Processing UniProt entry 798: P49189
2016-11-17 13:42:01 - __main__ - INFO: Processing UniProt entry 799: P02768
2016-11-17 13:42:07 - __main__ - INFO: Processing UniProt entry 800: P84996
2016-11-17 13:42:08 - __main__ - INFO: Processing UniProt entry 801: Q96QP1
2016-11-17 13:42:14 - __main__ - INFO: Processing UniProt entry 802: Q96Q42
2016-11-17 13:42:20 - __main__ - INFO: Processing UniProt entry 803: Q9H4A4
2016-11-17 13:42:31 - __main__ - INFO: Processing UniProt entry 804: Q01432
2016-11-17 13:42:32 - __main__ - INFO: Processing UniProt entry 805: Q86W34
2016-11-17 13:42:33 - __main__ - INFO: Processing UniProt entry 806: Q8IZ07
2016-11-17 13:42:34 - __main__ - INFO: Processing UniProt entry 807: Q5CZ79
2016-11-17 13:42:40 - __main__ - INFO: Processing UniProt entry 808: Q9BXX2
2016-11-17 13:42:41 - __main__ - INFO: Processing UniProt entry 809: Q96K21
2016-11-17 13:42:47 - __main__ - INFO: Processing UniProt entry 810: P10275
2016-11-17 13:43:06 - __main__ - INFO: Processing UniProt entry 811: P23582
2016-11-17 13:43:12 - __main__ - INFO: Processing UniProt entry 812: O15123
2016-11-17 13:43:13 - __main__ - INFO: Processing UniProt entry 813: Q9Y264
2016-11-17 13:43:14 - __main__ - INFO: Processing UniProt entry 814: Q7Z5J8
2016-11-17 13:43:15 - __main__ - INFO: Processing UniProt entry 815: Q15327
2016-11-17 13:43:16 - __main__ - INFO: Processing UniProt entry 816: Q92527
2016-11-17 13:43:17 - __main__ - INFO: Processing UniProt entry 817: Q6P2P2
2016-11-17 13:43:23 - __main__ - INFO: Processing UniProt entry 818: Q5XXA6
2016-11-17 13:43:24 - __main__ - INFO: Processing UniProt entry 819: Q75V66
2016-11-17 13:43:30 - __main__ - INFO: Processing UniProt entry 820: Q6IWH7
2016-11-17 13:43:31 - __main__ - INFO: Processing UniProt entry 821: P17342
2016-11-17 13:43:32 - __main__ - INFO: Processing UniProt entry 822: Q6P6B7
2016-11-17 13:43:38 - __main__ - INFO: Processing UniProt entry 823: Q8TF21
2016-11-17 13:43:39 - __main__ - INFO: Processing UniProt entry 824: Q9UPS8
2016-11-17 13:43:40 - __main__ - INFO: Processing UniProt entry 825: Q8N7Z5
2016-11-17 13:43:46 - __main__ - INFO: Processing UniProt entry 826: Q6AI12
2016-11-17 13:43:52 - __main__ - INFO: Processing UniProt entry 827: Q86W74
2016-11-17 13:43:57 - __main__ - INFO: Processing UniProt entry 828: Q9ULJ7
2016-11-17 13:44:33 - __main__ - INFO: Processing UniProt entry 829: Q9BZ19
2016-11-17 13:44:39 - __main__ - INFO: Processing UniProt entry 830: B4E2M5
2016-11-17 13:44:44 - __main__ - INFO: Processing UniProt entry 831: P01008
2016-11-17 13:44:51 - __main__ - INFO: Processing UniProt entry 832: Q9UM13
2016-11-17 13:44:57 - __main__ - INFO: Processing UniProt entry 833: O95236
2016-11-17 13:45:03 - __main__ - INFO: Processing UniProt entry 834: Q8IVJ8
2016-11-17 13:45:04 - __main__ - INFO: Processing UniProt entry 835: Q96PS8
2016-11-17 13:45:10 - __main__ - INFO: Processing UniProt entry 836: O60306
2016-11-17 13:45:16 - __main__ - INFO: Processing UniProt entry 837: Q8N6S5
2016-11-17 13:45:17 - __main__ - INFO: Processing UniProt entry 838: Q9GZX7
2016-11-17 13:45:22 - __main__ - INFO: Processing UniProt entry 839: C9JRZ8
2016-11-17 13:45:23 - __main__ - INFO: Processing UniProt entry 840: O75969
2016-11-17 13:45:25 - __main__ - INFO: Processing UniProt entry 841: Q9P2G1
2016-11-17 13:45:25 - __main__ - INFO: Processing UniProt entry 842: P31749
2016-11-17 13:45:27 - __main__ - INFO: Processing UniProt entry 843: P05091
2016-11-17 13:45:33 - __main__ - INFO: Processing UniProt entry 844: Q9NP73
2016-11-17 13:45:39 - __main__ - INFO: Processing UniProt entry 845: Q6GMV1
2016-11-17 13:45:45 - __main__ - INFO: Processing UniProt entry 846: Q9BT22
2016-11-17 13:45:46 - __main__ - INFO: Processing UniProt entry 847: Q9UM73
2016-11-17 13:45:47 - __main__ - INFO: Processing UniProt entry 848: Q5JTC6
2016-11-17 13:45:48 - __main__ - INFO: Processing UniProt entry 849: P23109
2016-11-17 13:45:49 - __main__ - INFO: Processing UniProt entry 850: Q6UX39
2016-11-17 13:45:50 - __main__ - INFO: Processing UniProt entry 851: P04746
2016-11-17 13:45:56 - __main__ - INFO: Processing UniProt entry 852: Q6ZTN6
2016-11-17 13:46:02 - __main__ - INFO: Processing UniProt entry 853: A2A2Z9
2016-11-17 13:46:08 - __main__ - INFO: Processing UniProt entry 854: Q68DC2
2016-11-17 13:46:14 - __main__ - INFO: Processing UniProt entry 855: P55345
2016-11-17 13:46:20 - __main__ - INFO: Processing UniProt entry 856: Q9NVM4
2016-11-17 13:46:41 - __main__ - INFO: Processing UniProt entry 857: Q4KMQ2
2016-11-17 13:46:42 - __main__ - INFO: Processing UniProt entry 858: Q8N8V4
2016-11-17 13:46:48 - __main__ - INFO: Processing UniProt entry 859: Q9UJ72
2016-11-17 13:47:03 - __main__ - INFO: Processing UniProt entry 860: P12429
2016-11-17 13:47:04 - __main__ - INFO: Processing UniProt entry 861: O94973
2016-11-17 13:47:10 - __main__ - INFO: Processing UniProt entry 862: P05549
2016-11-17 13:47:21 - __main__ - INFO: Processing UniProt entry 863: Q92754
2016-11-17 13:47:22 - __main__ - INFO: Processing UniProt entry 864: P50583
2016-11-17 13:47:28 - __main__ - INFO: Processing UniProt entry 865: Q02410
2016-11-17 13:47:34 - __main__ - INFO: Processing UniProt entry 866: Q92624
2016-11-17 13:47:35 - __main__ - INFO: Processing UniProt entry 867: Q9NYG5
2016-11-17 13:47:36 - __main__ - INFO: Processing UniProt entry 868: P60006
2016-11-17 13:47:37 - __main__ - INFO: Processing UniProt entry 869: Q8J025
2016-11-17 13:47:38 - __main__ - INFO: Processing UniProt entry 870: Q8NCL9
2016-11-17 13:47:44 - __main__ - INFO: Processing UniProt entry 871: P78536
2016-11-17 13:47:50 - __main__ - INFO: Processing UniProt entry 872: Q9H013
2016-11-17 13:47:56 - __main__ - INFO: Processing UniProt entry 873: P08913
2016-11-17 13:48:02 - __main__ - INFO: Processing UniProt entry 874: Q8NCV1
2016-11-17 13:48:03 - __main__ - INFO: Processing UniProt entry 875: Q96EY9
2016-11-17 13:48:09 - __main__ - INFO: Processing UniProt entry 876: P35611
2016-11-17 13:48:10 - __main__ - INFO: Processing UniProt entry 877: Q7Z4H4
2016-11-17 13:48:11 - __main__ - INFO: Processing UniProt entry 878: Q86SQ6
2016-11-17 13:48:17 - __main__ - INFO: Processing UniProt entry 879: Q96PE1
2016-11-17 13:48:23 - __main__ - INFO: Processing UniProt entry 880: Q5TGY3
2016-11-17 13:48:29 - __main__ - INFO: Processing UniProt entry 881: Q9NZD4
2016-11-17 13:48:30 - __main__ - INFO: Processing UniProt entry 882: P55789
2016-11-17 13:48:36 - __main__ - INFO: Processing UniProt entry 883: P19021
2016-11-17 13:48:52 - __main__ - INFO: Processing UniProt entry 884: Q99217
2016-11-17 13:48:58 - __main__ - INFO: Processing UniProt entry 885: Q86SJ2
2016-11-17 13:49:04 - __main__ - INFO: Processing UniProt entry 886: Q4VCS5
2016-11-17 13:49:05 - __main__ - INFO: Processing UniProt entry 887: Q01433
2016-11-17 13:49:11 - __main__ - INFO: Processing UniProt entry 888: P01160
2016-11-17 13:49:12 - __main__ - INFO: Processing UniProt entry 889: Q9BY76
2016-11-17 13:49:13 - __main__ - INFO: Processing UniProt entry 890: Q9NU02
2016-11-17 13:49:19 - __main__ - INFO: Processing UniProt entry 891: Q6ZW76
2016-11-17 13:49:20 - __main__ - INFO: Processing UniProt entry 892: Q9P2S6
2016-11-17 13:49:26 - __main__ - INFO: Processing UniProt entry 893: Q9NQW6
2016-11-17 13:49:32 - __main__ - INFO: Processing UniProt entry 894: Q99873
2016-11-17 13:49:38 - __main__ - INFO: Processing UniProt entry 895: Q9BYT9
2016-11-17 13:49:39 - __main__ - INFO: Processing UniProt entry 896: Q6UB99
2016-11-17 13:49:40 - __main__ - INFO: Processing UniProt entry 897: Q8N283
2016-11-17 13:49:46 - __main__ - INFO: Processing UniProt entry 898: Q5TZF3
2016-11-17 13:49:47 - __main__ - INFO: Processing UniProt entry 899: Q6NXT1
2016-11-17 13:49:48 - __main__ - INFO: Processing UniProt entry 900: Q9H6X2
2016-11-17 13:49:49 - __main__ - INFO: Processing UniProt entry 901: P28039
2016-11-17 13:49:50 - __main__ - INFO: Processing UniProt entry 902: P19801
2016-11-17 13:49:51 - __main__ - INFO: Processing UniProt entry 903: P21397
2016-11-17 13:49:57 - __main__ - INFO: Processing UniProt entry 904: Q9Y6Q5
2016-11-17 13:49:57 - __main__ - INFO: Processing UniProt entry 905: Q96CW1
2016-11-17 13:49:58 - __main__ - INFO: Processing UniProt entry 906: O00203
2016-11-17 13:49:59 - __main__ - INFO: Processing UniProt entry 907: O14617
2016-11-17 13:50:00 - __main__ - INFO: Processing UniProt entry 908: Q92572
2016-11-17 13:50:01 - __main__ - INFO: Processing UniProt entry 909: O96018
2016-11-17 13:50:02 - __main__ - INFO: Processing UniProt entry 910: Q96BI3
2016-11-17 13:50:03 - __main__ - INFO: Processing UniProt entry 911: P04114
2016-11-17 13:50:09 - __main__ - INFO: Processing UniProt entry 912: P02649
2016-11-17 13:50:16 - __main__ - INFO: Processing UniProt entry 913: P04745
2016-11-17 13:50:17 - __main__ - INFO: Processing UniProt entry 914: P19961
2016-11-17 13:50:23 - __main__ - INFO: Processing UniProt entry 915: P39687
2016-11-17 13:50:23 - __main__ - INFO: Processing UniProt entry 916: O43423
2016-11-17 13:50:30 - __main__ - INFO: Processing UniProt entry 917: Q5JPF3
2016-11-17 13:50:30 - __main__ - INFO: Processing UniProt entry 918: P03950
2016-11-17 13:50:32 - __main__ - INFO: Processing UniProt entry 919: Q9UKU9
2016-11-17 13:50:49 - __main__ - INFO: Processing UniProt entry 920: Q9Y5C1
2016-11-17 13:50:55 - __main__ - INFO: Processing UniProt entry 921: Q86XS5
2016-11-17 13:51:01 - __main__ - INFO: Processing UniProt entry 922: E9PGG2
2016-11-17 13:51:07 - __main__ - INFO: Processing UniProt entry 923: Q9HCE9
2016-11-17 13:51:08 - __main__ - INFO: Processing UniProt entry 924: A1A5B4
2016-11-17 13:51:16 - __main__ - INFO: Processing UniProt entry 925: P16066
2016-11-17 13:51:18 - __main__ - INFO: Processing UniProt entry 926: Q9NXR5
2016-11-17 13:51:19 - __main__ - INFO: Processing UniProt entry 927: A6NGH8
2016-11-17 13:51:25 - __main__ - INFO: Processing UniProt entry 928: E5RJM6
2016-11-17 13:51:31 - __main__ - INFO: Processing UniProt entry 929: Q9H9E1
2016-11-17 13:51:32 - __main__ - INFO: Processing UniProt entry 930: Q92625
2016-11-17 13:51:33 - __main__ - INFO: Processing UniProt entry 931: P07355
2016-11-17 13:51:55 - __main__ - INFO: Processing UniProt entry 932: P20073
2016-11-17 13:52:01 - __main__ - INFO: Processing UniProt entry 933: O75106
2016-11-17 13:52:07 - __main__ - INFO: Processing UniProt entry 934: Q16853
2016-11-17 13:52:13 - __main__ - INFO: Processing UniProt entry 935: P61966
2016-11-17 13:52:19 - __main__ - INFO: Processing UniProt entry 936: Q96PC3
2016-11-17 13:52:20 - __main__ - INFO: Processing UniProt entry 937: O95782
2016-11-17 13:52:21 - __main__ - INFO: Processing UniProt entry 938: Q8IXF9
2016-11-17 13:52:26 - __main__ - INFO: Processing UniProt entry 939: Q9NWB6
2016-11-17 13:52:27 - __main__ - INFO: Processing UniProt entry 940: Q92888
2016-11-17 13:52:28 - __main__ - INFO: Processing UniProt entry 941: Q9NR80
2016-11-17 13:52:29 - __main__ - INFO: Processing UniProt entry 942: Q12774
2016-11-17 13:52:30 - __main__ - INFO: Processing UniProt entry 943: Q8IW93
2016-11-17 13:52:31 - __main__ - INFO: Processing UniProt entry 944: Q9NX46
2016-11-17 13:52:37 - __main__ - INFO: Processing UniProt entry 945: Q9Y4X5
2016-11-17 13:52:43 - __main__ - INFO: Processing UniProt entry 946: O95376
2016-11-17 13:52:44 - __main__ - INFO: Processing UniProt entry 947: A6NKF2
2016-11-17 13:52:50 - __main__ - INFO: Processing UniProt entry 948: Q8IVW6
2016-11-17 13:52:51 - __main__ - INFO: Processing UniProt entry 949: Q68CP9
2016-11-17 13:52:52 - __main__ - INFO: Processing UniProt entry 950: Q96KC2
2016-11-17 13:52:53 - __main__ - INFO: Processing UniProt entry 951: Q9H0F7
2016-11-17 13:52:54 - __main__ - INFO: Processing UniProt entry 952: Q8N2F6
2016-11-17 13:52:55 - __main__ - INFO: Processing UniProt entry 953: Q9NVT9
2016-11-17 13:53:01 - __main__ - INFO: Processing UniProt entry 954: P0C7Q2
2016-11-17 13:53:02 - __main__ - INFO: Processing UniProt entry 955: Q9P2R3
2016-11-17 13:53:03 - __main__ - INFO: Processing UniProt entry 956: O43827
2016-11-17 13:53:04 - __main__ - INFO: Processing UniProt entry 957: P16157
2016-11-17 13:53:11 - __main__ - INFO: Processing UniProt entry 958: Q01484
2016-11-17 13:53:17 - __main__ - INFO: Processing UniProt entry 959: Q12955
2016-11-17 13:53:23 - __main__ - INFO: Processing UniProt entry 960: O60678
2016-11-17 13:53:29 - __main__ - INFO: Processing UniProt entry 961: Q6UB98
2016-11-17 13:53:35 - __main__ - INFO: Processing UniProt entry 962: Q9H560
2016-11-17 13:53:36 - __main__ - INFO: Processing UniProt entry 963: Q86SG2
2016-11-17 13:53:37 - __main__ - INFO: Processing UniProt entry 964: O15084
2016-11-17 13:53:43 - __main__ - INFO: Processing UniProt entry 965: Q7Z713
2016-11-17 13:53:49 - __main__ - INFO: Processing UniProt entry 966: Q53RE8
2016-11-17 13:53:50 - __main__ - INFO: Processing UniProt entry 967: Q8N9B4
2016-11-17 13:53:51 - __main__ - INFO: Processing UniProt entry 968: A6NC57
2016-11-17 13:53:57 - __main__ - INFO: Processing UniProt entry 969: Q7Z6G8
2016-11-17 13:53:58 - __main__ - INFO: Processing UniProt entry 970: P50995
2016-11-17 13:54:04 - __main__ - INFO: Processing UniProt entry 971: P04083
2016-11-17 13:54:05 - __main__ - INFO: Processing UniProt entry 972: P09525
2016-11-17 13:54:11 - __main__ - INFO: Processing UniProt entry 973: Q10567
2016-11-17 13:54:12 - __main__ - INFO: Processing UniProt entry 974: P53677
2016-11-17 13:54:18 - __main__ - INFO: Processing UniProt entry 975: Q9UPM8
2016-11-17 13:54:24 - __main__ - INFO: Processing UniProt entry 976: Q9Y587
2016-11-17 13:54:24 - __main__ - INFO: Processing UniProt entry 977: Q92870
2016-11-17 13:54:26 - __main__ - INFO: Processing UniProt entry 978: Q9ULZ1
2016-11-17 13:54:31 - __main__ - INFO: Processing UniProt entry 979: P27695
2016-11-17 13:54:33 - __main__ - INFO: Processing UniProt entry 980: O14791
2016-11-17 13:54:34 - __main__ - INFO: Processing UniProt entry 981: Q13794
2016-11-17 13:54:40 - __main__ - INFO: Processing UniProt entry 982: A6NM10
2016-11-17 13:54:40 - __main__ - INFO: Processing UniProt entry 983: Q8NBQ7
2016-11-17 13:54:46 - __main__ - INFO: Processing UniProt entry 984: P55087
2016-11-17 13:54:47 - __main__ - INFO: Processing UniProt entry 985: Q3SXY8
2016-11-17 13:54:48 - __main__ - INFO: Processing UniProt entry 986: Q15041
2016-11-17 13:54:49 - __main__ - INFO: Processing UniProt entry 987: P61204
2016-11-17 13:54:50 - __main__ - INFO: Processing UniProt entry 988: P53365
2016-11-17 13:54:51 - __main__ - INFO: Processing UniProt entry 989: A8MVX0
2016-11-17 13:54:52 - __main__ - INFO: Processing UniProt entry 990: Q8N944
2016-11-17 13:54:58 - __main__ - INFO: Processing UniProt entry 991: P15144
2016-11-17 13:54:59 - __main__ - INFO: Processing UniProt entry 992: Q8N6M6
2016-11-17 13:55:00 - __main__ - INFO: Processing UniProt entry 993: O95626
2016-11-17 13:55:01 - __main__ - INFO: Processing UniProt entry 994: Q9BTT0
2016-11-17 13:55:02 - __main__ - INFO: Processing UniProt entry 995: P0C6C1
2016-11-17 13:55:08 - __main__ - INFO: Processing UniProt entry 996: A6QL64
2016-11-17 13:55:14 - __main__ - INFO: Processing UniProt entry 997: Q9NW15
2016-11-17 13:55:14 - __main__ - INFO: Processing UniProt entry 998: Q9NQ90
2016-11-17 13:55:20 - __main__ - INFO: Processing UniProt entry 999: Q5VYY1
2016-11-17 13:55:26 - __main__ - INFO: Processing UniProt entry 1000: Q8N6D5
2016-11-17 13:55:27 - __main__ - INFO: Processing UniProt entry 1001: Q7Z3H0
2016-11-17 13:55:28 - __main__ - INFO: Processing UniProt entry 1002: Q8WVL7
2016-11-17 13:55:34 - __main__ - INFO: Processing UniProt entry 1003: Q8N9V6
2016-11-17 13:55:40 - __main__ - INFO: Processing UniProt entry 1004: A6NF34
2016-11-17 13:55:41 - __main__ - INFO: Processing UniProt entry 1005: P13928
2016-11-17 13:55:47 - __main__ - INFO: Processing UniProt entry 1006: P27338
2016-11-17 13:55:53 - __main__ - INFO: Processing UniProt entry 1007: Q06278
2016-11-17 13:55:59 - __main__ - INFO: Processing UniProt entry 1008: Q9BXS5
2016-11-17 13:56:05 - __main__ - INFO: Processing UniProt entry 1009: Q13367
2016-11-17 13:56:06 - __main__ - INFO: Processing UniProt entry 1010: P59780
2016-11-17 13:56:12 - __main__ - INFO: Processing UniProt entry 1011: O00189
2016-11-17 13:56:13 - __main__ - INFO: Processing UniProt entry 1012: O14727
2016-11-17 13:56:19 - __main__ - INFO: Processing UniProt entry 1013: Q13790
2016-11-17 13:56:25 - __main__ - INFO: Processing UniProt entry 1014: Q9BQE5
2016-11-17 13:56:26 - __main__ - INFO: Processing UniProt entry 1015: O95445
2016-11-17 13:56:27 - __main__ - INFO: Processing UniProt entry 1016: A6NL99
2016-11-17 13:56:33 - __main__ - INFO: Processing UniProt entry 1017: Q6NSI1
2016-11-17 13:56:39 - __main__ - INFO: Processing UniProt entry 1018: Q6UW56
2016-11-17 13:56:45 - __main__ - INFO: Processing UniProt entry 1019: Q8IWT0
2016-11-17 13:56:45 - __main__ - INFO: Processing UniProt entry 1020: Q7LC44
2016-11-17 13:56:47 - __main__ - INFO: Processing UniProt entry 1021: Q9HCE6
2016-11-17 13:56:47 - __main__ - INFO: Processing UniProt entry 1022: Q13520
2016-11-17 13:56:53 - __main__ - INFO: Processing UniProt entry 1023: O94778
2016-11-17 13:56:54 - __main__ - INFO: Processing UniProt entry 1024: P18085
2016-11-17 13:56:55 - __main__ - INFO: Processing UniProt entry 1025: A5YM69
2016-11-17 13:57:01 - __main__ - INFO: Processing UniProt entry 1026: P78540
2016-11-17 13:57:12 - __main__ - INFO: Processing UniProt entry 1027: O15013
2016-11-17 13:57:13 - __main__ - INFO: Processing UniProt entry 1028: Q9NZN5
2016-11-17 13:57:30 - __main__ - INFO: Processing UniProt entry 1029: Q96PE2
2016-11-17 13:57:31 - __main__ - INFO: Processing UniProt entry 1030: Q96DR7
2016-11-17 13:57:32 - __main__ - INFO: Processing UniProt entry 1031: Q8NFD5
2016-11-17 13:57:38 - __main__ - INFO: Processing UniProt entry 1032: Q99856
2016-11-17 13:57:39 - __main__ - INFO: Processing UniProt entry 1033: P56559
2016-11-17 13:57:45 - __main__ - INFO: Processing UniProt entry 1034: A6NH57
2016-11-17 13:57:50 - __main__ - INFO: Processing UniProt entry 1035: Q5T9G4
2016-11-17 13:57:56 - __main__ - INFO: Processing UniProt entry 1036: Q5T2S8
2016-11-17 13:57:57 - __main__ - INFO: Processing UniProt entry 1037: Q8IUR7
2016-11-17 13:57:58 - __main__ - INFO: Processing UniProt entry 1038: Q7Z3E5
2016-11-17 13:57:59 - __main__ - INFO: Processing UniProt entry 1039: Q7L311
2016-11-17 13:58:00 - __main__ - INFO: Processing UniProt entry 1040: P27540
2016-11-17 13:58:01 - __main__ - INFO: Processing UniProt entry 1041: Q92481
2016-11-17 13:58:02 - __main__ - INFO: Processing UniProt entry 1042: Q9Y2T2
2016-11-17 13:58:03 - __main__ - INFO: Processing UniProt entry 1043: Q9Y6B7
2016-11-17 13:58:04 - __main__ - INFO: Processing UniProt entry 1044: O95704
2016-11-17 13:58:10 - __main__ - INFO: Processing UniProt entry 1045: O95996
2016-11-17 13:58:11 - __main__ - INFO: Processing UniProt entry 1046: Q9UJX5
2016-11-17 13:58:17 - __main__ - INFO: Processing UniProt entry 1047: Q9UJX4
2016-11-17 13:58:23 - __main__ - INFO: Processing UniProt entry 1048: Q8WW43
2016-11-17 13:58:29 - __main__ - INFO: Processing UniProt entry 1049: Q9BZZ5
2016-11-17 13:58:30 - __main__ - INFO: Processing UniProt entry 1050: Q06481
2016-11-17 13:58:31 - __main__ - INFO: Processing UniProt entry 1051: P02652
2016-11-17 13:58:37 - __main__ - INFO: Processing UniProt entry 1052: P55056
2016-11-17 13:58:38 - __main__ - INFO: Processing UniProt entry 1053: Q53RT3
2016-11-17 13:58:44 - __main__ - INFO: Processing UniProt entry 1054: Q7Z2E3
2016-11-17 13:58:45 - __main__ - INFO: Processing UniProt entry 1055: P10398
2016-11-17 13:58:46 - __main__ - INFO: Processing UniProt entry 1056: Q13795
2016-11-17 13:58:52 - __main__ - INFO: Processing UniProt entry 1057: Q9NXL2
2016-11-17 13:58:53 - __main__ - INFO: Processing UniProt entry 1058: Q9NR81
2016-11-17 13:58:54 - __main__ - INFO: Processing UniProt entry 1059: Q7Z628
2016-11-17 13:59:00 - __main__ - INFO: Processing UniProt entry 1060: O14497
2016-11-17 13:59:06 - __main__ - INFO: Processing UniProt entry 1061: Q03989
2016-11-17 13:59:12 - __main__ - INFO: Processing UniProt entry 1062: O43488
2016-11-17 13:59:13 - __main__ - INFO: Processing UniProt entry 1063: Q8N8L6
2016-11-17 13:59:19 - __main__ - INFO: Processing UniProt entry 1064: Q2VPB7
2016-11-17 13:59:25 - __main__ - INFO: Processing UniProt entry 1065: O43299
2016-11-17 13:59:30 - __main__ - INFO: Processing UniProt entry 1066: Q9UJX3
2016-11-17 13:59:36 - __main__ - INFO: Processing UniProt entry 1067: Q9UBZ4
2016-11-17 13:59:37 - __main__ - INFO: Processing UniProt entry 1068: P35414
2016-11-17 13:59:43 - __main__ - INFO: Processing UniProt entry 1069: Q8IW19
2016-11-17 13:59:44 - __main__ - INFO: Processing UniProt entry 1070: P51693
2016-11-17 13:59:50 - __main__ - INFO: Processing UniProt entry 1071: Q9HDC9
2016-11-17 14:00:02 - __main__ - INFO: Processing UniProt entry 1072: Q6Q788
2016-11-17 14:00:04 - __main__ - INFO: Processing UniProt entry 1073: P08519
2016-11-17 14:00:05 - __main__ - INFO: Processing UniProt entry 1074: P02654
2016-11-17 14:00:11 - __main__ - INFO: Processing UniProt entry 1075: P05090
2016-11-17 14:00:12 - __main__ - INFO: Processing UniProt entry 1076: P02749
2016-11-17 14:00:18 - __main__ - INFO: Processing UniProt entry 1077: Q9BWW9
2016-11-17 14:00:19 - __main__ - INFO: Processing UniProt entry 1078: Q8WWN8
2016-11-17 14:00:25 - __main__ - INFO: Processing UniProt entry 1079: O15033
2016-11-17 14:00:32 - __main__ - INFO: Processing UniProt entry 1080: P84077
2016-11-17 14:00:33 - __main__ - INFO: Processing UniProt entry 1081: P84085
2016-11-17 14:00:39 - __main__ - INFO: Processing UniProt entry 1082: Q8N6T3
2016-11-17 14:00:45 - __main__ - INFO: Processing UniProt entry 1083: Q8N1W1
2016-11-17 14:00:46 - __main__ - INFO: Processing UniProt entry 1084: Q9C0K3
2016-11-17 14:00:47 - __main__ - INFO: Processing UniProt entry 1085: P61158
2016-11-17 14:00:53 - __main__ - INFO: Processing UniProt entry 1086: Q99929
2016-11-17 14:00:54 - __main__ - INFO: Processing UniProt entry 1087: Q9NVP2
2016-11-17 14:00:55 - __main__ - INFO: Processing UniProt entry 1088: Q9NR48
2016-11-17 14:01:01 - __main__ - INFO: Processing UniProt entry 1089: Q9Y284
2016-11-17 14:01:07 - __main__ - INFO: Processing UniProt entry 1090: Q9NW81
2016-11-17 14:01:07 - __main__ - INFO: Processing UniProt entry 1091: Q9ULK2
2016-11-17 14:01:13 - __main__ - INFO: Processing UniProt entry 1092: Q14CW9
2016-11-17 14:01:19 - __main__ - INFO: Processing UniProt entry 1093: Q9Y2Q0
2016-11-17 14:01:25 - __main__ - INFO: Processing UniProt entry 1094: Q9NTI2
2016-11-17 14:01:26 - __main__ - INFO: Processing UniProt entry 1095: Q9Y2D1
2016-11-17 14:01:32 - __main__ - INFO: Processing UniProt entry 1096: Q2TAZ0
2016-11-17 14:01:33 - __main__ - INFO: Processing UniProt entry 1097: O95352
2016-11-17 14:01:39 - __main__ - INFO: Processing UniProt entry 1098: Q674R7
2016-11-17 14:01:40 - __main__ - INFO: Processing UniProt entry 1099: P29972
2016-11-17 14:01:41 - __main__ - INFO: Processing UniProt entry 1100: Q92482
2016-11-17 14:01:42 - __main__ - INFO: Processing UniProt entry 1101: P55064
2016-11-17 14:01:48 - __main__ - INFO: Processing UniProt entry 1102: Q9Y2Y0
2016-11-17 14:01:49 - __main__ - INFO: Processing UniProt entry 1103: Q66PJ3
2016-11-17 14:01:55 - __main__ - INFO: Processing UniProt entry 1104: P25098
2016-11-17 14:01:56 - __main__ - INFO: Processing UniProt entry 1105: Q92747
2016-11-17 14:01:56 - __main__ - INFO: Processing UniProt entry 1106: O15143
2016-11-17 14:01:57 - __main__ - INFO: Processing UniProt entry 1107: P62330
2016-11-17 14:02:03 - __main__ - INFO: Processing UniProt entry 1108: P53367
2016-11-17 14:02:09 - __main__ - INFO: Processing UniProt entry 1109: Q8N726
2016-11-17 14:02:10 - __main__ - INFO: Processing UniProt entry 1110: Q6ZSZ5
2016-11-17 14:02:16 - __main__ - INFO: Processing UniProt entry 1111: Q86VW2
2016-11-17 14:02:17 - __main__ - INFO: Processing UniProt entry 1112: Q14865
2016-11-17 14:02:23 - __main__ - INFO: Processing UniProt entry 1113: O95154
2016-11-17 14:02:24 - __main__ - INFO: Processing UniProt entry 1114: P49703
2016-11-17 14:02:30 - __main__ - INFO: Processing UniProt entry 1115: Q9Y689
2016-11-17 14:02:36 - __main__ - INFO: Processing UniProt entry 1116: Q96BM9
2016-11-17 14:02:37 - __main__ - INFO: Processing UniProt entry 1117: Q8NEN0
2016-11-17 14:02:43 - __main__ - INFO: Processing UniProt entry 1118: Q96C12
2016-11-17 14:02:44 - __main__ - INFO: Processing UniProt entry 1119: Q9H6L4
2016-11-17 14:02:45 - __main__ - INFO: Processing UniProt entry 1120: Q5H9R4
2016-11-17 14:02:46 - __main__ - INFO: Processing UniProt entry 1121: Q9HBZ2
2016-11-17 14:02:47 - __main__ - INFO: Processing UniProt entry 1122: P51690
2016-11-17 14:02:53 - __main__ - INFO: Processing UniProt entry 1123: O00192
2016-11-17 14:03:13 - __main__ - INFO: Processing UniProt entry 1124: Q96QS3
2016-11-17 14:03:14 - __main__ - INFO: Processing UniProt entry 1125: Q8TDY4
2016-11-17 14:03:15 - __main__ - INFO: Processing UniProt entry 1126: Q6ZVZ8
2016-11-17 14:03:16 - __main__ - INFO: Processing UniProt entry 1127: P02647
2016-11-17 14:03:17 - __main__ - INFO: Processing UniProt entry 1128: P06727
2016-11-17 14:03:18 - __main__ - INFO: Processing UniProt entry 1129: Q8WZ64
2016-11-17 14:03:19 - __main__ - INFO: Processing UniProt entry 1130: Q96IT6
2016-11-17 14:03:20 - __main__ - INFO: Processing UniProt entry 1131: P35626
2016-11-17 14:03:26 - __main__ - INFO: Processing UniProt entry 1132: A6NJG6
2016-11-17 14:03:27 - __main__ - INFO: Processing UniProt entry 1133: Q14155
2016-11-17 14:03:33 - __main__ - INFO: Processing UniProt entry 1134: O94989
2016-11-17 14:03:39 - __main__ - INFO: Processing UniProt entry 1135: Q5VV41
2016-11-17 14:03:45 - __main__ - INFO: Processing UniProt entry 1136: Q969Q4
2016-11-17 14:03:45 - __main__ - INFO: Processing UniProt entry 1137: Q8N4G2
2016-11-17 14:03:46 - __main__ - INFO: Processing UniProt entry 1138: Q0P5N6
2016-11-17 14:03:47 - __main__ - INFO: Processing UniProt entry 1139: P40616
2016-11-17 14:03:48 - __main__ - INFO: Processing UniProt entry 1140: Q9H993
2016-11-17 14:03:54 - __main__ - INFO: Processing UniProt entry 1141: Q9UH62
2016-11-17 14:04:00 - __main__ - INFO: Processing UniProt entry 1142: Q9P1U1
2016-11-17 14:04:01 - __main__ - INFO: Processing UniProt entry 1143: Q96B67
2016-11-17 14:04:02 - __main__ - INFO: Processing UniProt entry 1144: Q5VTE6
2016-11-17 14:04:03 - __main__ - INFO: Processing UniProt entry 1145: Q6UXH0
2016-11-17 14:04:04 - __main__ - INFO: Processing UniProt entry 1146: Q15389
2016-11-17 14:04:10 - __main__ - INFO: Processing UniProt entry 1147: Q9HCJ1
2016-11-17 14:04:16 - __main__ - INFO: Processing UniProt entry 1148: Q8NAG6
2016-11-17 14:04:22 - __main__ - INFO: Processing UniProt entry 1149: Q86XL3
2016-11-17 14:04:23 - __main__ - INFO: Processing UniProt entry 1150: Q9GZV1
2016-11-17 14:04:29 - __main__ - INFO: Processing UniProt entry 1151: O14744
2016-11-17 14:04:35 - __main__ - INFO: Processing UniProt entry 1152: O43747
2016-11-17 14:04:41 - __main__ - INFO: Processing UniProt entry 1153: O75843
2016-11-17 14:04:47 - __main__ - INFO: Processing UniProt entry 1154: P56377
2016-11-17 14:04:47 - __main__ - INFO: Processing UniProt entry 1155: P63010
2016-11-17 14:04:54 - __main__ - INFO: Processing UniProt entry 1156: Q96LR9
2016-11-17 14:04:59 - __main__ - INFO: Processing UniProt entry 1157: Q0VD83
2016-11-17 14:05:06 - __main__ - INFO: Processing UniProt entry 1158: P02655
2016-11-17 14:05:16 - __main__ - INFO: Processing UniProt entry 1159: P02656
2016-11-17 14:05:22 - __main__ - INFO: Processing UniProt entry 1160: Q9NZ32
2016-11-17 14:05:28 - __main__ - INFO: Processing UniProt entry 1161: P56211
2016-11-17 14:05:34 - __main__ - INFO: Processing UniProt entry 1162: P61160
2016-11-17 14:05:34 - __main__ - INFO: Processing UniProt entry 1163: Q9BPX5
2016-11-17 14:05:41 - __main__ - INFO: Processing UniProt entry 1164: P59998
2016-11-17 14:05:46 - __main__ - INFO: Processing UniProt entry 1165: Q9H672
2016-11-17 14:05:47 - __main__ - INFO: Processing UniProt entry 1166: O43681
2016-11-17 14:05:48 - __main__ - INFO: Processing UniProt entry 1167: P08243
2016-11-17 14:05:54 - __main__ - INFO: Processing UniProt entry 1168: P20933
2016-11-17 14:05:55 - __main__ - INFO: Processing UniProt entry 1169: Q5U4P2
2016-11-17 14:05:56 - __main__ - INFO: Processing UniProt entry 1170: Q13625
2016-11-17 14:06:04 - __main__ - INFO: Processing UniProt entry 1171: Q6HA08
2016-11-17 14:06:10 - __main__ - INFO: Processing UniProt entry 1172: Q9UN42
2016-11-17 14:06:15 - __main__ - INFO: Processing UniProt entry 1173: Q8IUZ5
2016-11-17 14:06:16 - __main__ - INFO: Processing UniProt entry 1174: Q5VTU8
